{"/Users/gcelma/bootcamp/collab/skylab-bootcamp-201901/staff/gerard-celma/flare/flare-api/src/logic/index.spec.js":{"path":"/Users/gcelma/bootcamp/collab/skylab-bootcamp-201901/staff/gerard-celma/flare/flare-api/src/logic/index.spec.js","statementMap":{"0":{"start":{"line":3,"column":0},"end":{"line":3,"column":26}},"1":{"start":{"line":5,"column":0},"end":{"line":5,"column":27}},"2":{"start":{"line":7,"column":48},"end":{"line":7,"column":65}},"3":{"start":{"line":8,"column":15},"end":{"line":8,"column":32}},"4":{"start":{"line":9,"column":14},"end":{"line":9,"column":26}},"5":{"start":{"line":10,"column":15},"end":{"line":10,"column":32}},"6":{"start":{"line":13,"column":33},"end":{"line":13,"column":40}},"7":{"start":{"line":15,"column":0},"end":{"line":2135,"column":2}},"8":{"start":{"line":16,"column":4},"end":{"line":16,"column":74}},"9":{"start":{"line":16,"column":17},"end":{"line":16,"column":73}},"10":{"start":{"line":18,"column":4},"end":{"line":23,"column":5}},"11":{"start":{"line":19,"column":8},"end":{"line":22,"column":10}},"12":{"start":{"line":25,"column":4},"end":{"line":278,"column":6}},"13":{"start":{"line":26,"column":21},"end":{"line":26,"column":29}},"14":{"start":{"line":27,"column":24},"end":{"line":27,"column":31}},"15":{"start":{"line":28,"column":22},"end":{"line":28,"column":61}},"16":{"start":{"line":29,"column":25},"end":{"line":29,"column":47}},"17":{"start":{"line":30,"column":32},"end":{"line":30,"column":40}},"18":{"start":{"line":32,"column":8},"end":{"line":47,"column":10}},"19":{"start":{"line":33,"column":23},"end":{"line":33,"column":96}},"20":{"start":{"line":35,"column":12},"end":{"line":35,"column":36}},"21":{"start":{"line":36,"column":12},"end":{"line":36,"column":44}},"22":{"start":{"line":38,"column":25},"end":{"line":38,"column":54}},"23":{"start":{"line":40,"column":12},"end":{"line":40,"column":40}},"24":{"start":{"line":41,"column":12},"end":{"line":41,"column":46}},"25":{"start":{"line":42,"column":12},"end":{"line":42,"column":42}},"26":{"start":{"line":44,"column":26},"end":{"line":44,"column":71}},"27":{"start":{"line":46,"column":12},"end":{"line":46,"column":38}},"28":{"start":{"line":49,"column":8},"end":{"line":58,"column":10}},"29":{"start":{"line":50,"column":25},"end":{"line":50,"column":34}},"30":{"start":{"line":51,"column":28},"end":{"line":51,"column":35}},"31":{"start":{"line":52,"column":26},"end":{"line":52,"column":48}},"32":{"start":{"line":53,"column":29},"end":{"line":53,"column":51}},"33":{"start":{"line":55,"column":12},"end":{"line":57,"column":60}},"34":{"start":{"line":56,"column":16},"end":{"line":56,"column":76}},"35":{"start":{"line":60,"column":8},"end":{"line":69,"column":10}},"36":{"start":{"line":61,"column":25},"end":{"line":61,"column":27}},"37":{"start":{"line":62,"column":28},"end":{"line":62,"column":35}},"38":{"start":{"line":63,"column":26},"end":{"line":63,"column":48}},"39":{"start":{"line":64,"column":29},"end":{"line":64,"column":51}},"40":{"start":{"line":66,"column":12},"end":{"line":68,"column":60}},"41":{"start":{"line":67,"column":16},"end":{"line":67,"column":76}},"42":{"start":{"line":72,"column":8},"end":{"line":81,"column":10}},"43":{"start":{"line":73,"column":25},"end":{"line":73,"column":29}},"44":{"start":{"line":74,"column":28},"end":{"line":74,"column":35}},"45":{"start":{"line":75,"column":26},"end":{"line":75,"column":48}},"46":{"start":{"line":76,"column":29},"end":{"line":76,"column":51}},"47":{"start":{"line":78,"column":12},"end":{"line":80,"column":60}},"48":{"start":{"line":79,"column":16},"end":{"line":79,"column":76}},"49":{"start":{"line":83,"column":8},"end":{"line":92,"column":10}},"50":{"start":{"line":84,"column":25},"end":{"line":84,"column":27}},"51":{"start":{"line":85,"column":28},"end":{"line":85,"column":35}},"52":{"start":{"line":86,"column":26},"end":{"line":86,"column":48}},"53":{"start":{"line":87,"column":29},"end":{"line":87,"column":51}},"54":{"start":{"line":89,"column":12},"end":{"line":91,"column":60}},"55":{"start":{"line":90,"column":16},"end":{"line":90,"column":76}},"56":{"start":{"line":94,"column":8},"end":{"line":103,"column":10}},"57":{"start":{"line":95,"column":25},"end":{"line":95,"column":27}},"58":{"start":{"line":96,"column":28},"end":{"line":96,"column":35}},"59":{"start":{"line":97,"column":26},"end":{"line":97,"column":48}},"60":{"start":{"line":98,"column":29},"end":{"line":98,"column":51}},"61":{"start":{"line":100,"column":12},"end":{"line":102,"column":60}},"62":{"start":{"line":101,"column":16},"end":{"line":101,"column":76}},"63":{"start":{"line":105,"column":8},"end":{"line":114,"column":10}},"64":{"start":{"line":106,"column":25},"end":{"line":106,"column":27}},"65":{"start":{"line":107,"column":28},"end":{"line":107,"column":35}},"66":{"start":{"line":108,"column":26},"end":{"line":108,"column":48}},"67":{"start":{"line":109,"column":29},"end":{"line":109,"column":51}},"68":{"start":{"line":111,"column":12},"end":{"line":113,"column":55}},"69":{"start":{"line":112,"column":16},"end":{"line":112,"column":76}},"70":{"start":{"line":116,"column":8},"end":{"line":125,"column":10}},"71":{"start":{"line":117,"column":25},"end":{"line":117,"column":33}},"72":{"start":{"line":118,"column":28},"end":{"line":118,"column":37}},"73":{"start":{"line":119,"column":26},"end":{"line":119,"column":48}},"74":{"start":{"line":120,"column":29},"end":{"line":120,"column":51}},"75":{"start":{"line":122,"column":12},"end":{"line":124,"column":62}},"76":{"start":{"line":123,"column":16},"end":{"line":123,"column":76}},"77":{"start":{"line":127,"column":8},"end":{"line":136,"column":10}},"78":{"start":{"line":128,"column":25},"end":{"line":128,"column":33}},"79":{"start":{"line":129,"column":28},"end":{"line":129,"column":30}},"80":{"start":{"line":130,"column":26},"end":{"line":130,"column":48}},"81":{"start":{"line":131,"column":29},"end":{"line":131,"column":51}},"82":{"start":{"line":133,"column":12},"end":{"line":135,"column":55}},"83":{"start":{"line":134,"column":16},"end":{"line":134,"column":76}},"84":{"start":{"line":139,"column":8},"end":{"line":148,"column":10}},"85":{"start":{"line":140,"column":25},"end":{"line":140,"column":33}},"86":{"start":{"line":141,"column":28},"end":{"line":141,"column":33}},"87":{"start":{"line":142,"column":26},"end":{"line":142,"column":48}},"88":{"start":{"line":143,"column":29},"end":{"line":143,"column":51}},"89":{"start":{"line":145,"column":12},"end":{"line":147,"column":63}},"90":{"start":{"line":146,"column":16},"end":{"line":146,"column":76}},"91":{"start":{"line":150,"column":8},"end":{"line":159,"column":10}},"92":{"start":{"line":151,"column":25},"end":{"line":151,"column":33}},"93":{"start":{"line":152,"column":28},"end":{"line":152,"column":30}},"94":{"start":{"line":153,"column":26},"end":{"line":153,"column":48}},"95":{"start":{"line":154,"column":29},"end":{"line":154,"column":51}},"96":{"start":{"line":156,"column":12},"end":{"line":158,"column":63}},"97":{"start":{"line":157,"column":16},"end":{"line":157,"column":76}},"98":{"start":{"line":161,"column":8},"end":{"line":170,"column":10}},"99":{"start":{"line":162,"column":25},"end":{"line":162,"column":33}},"100":{"start":{"line":163,"column":28},"end":{"line":163,"column":30}},"101":{"start":{"line":164,"column":26},"end":{"line":164,"column":48}},"102":{"start":{"line":165,"column":29},"end":{"line":165,"column":51}},"103":{"start":{"line":167,"column":12},"end":{"line":169,"column":63}},"104":{"start":{"line":168,"column":16},"end":{"line":168,"column":76}},"105":{"start":{"line":172,"column":8},"end":{"line":181,"column":10}},"106":{"start":{"line":173,"column":25},"end":{"line":173,"column":33}},"107":{"start":{"line":174,"column":28},"end":{"line":174,"column":30}},"108":{"start":{"line":175,"column":26},"end":{"line":175,"column":48}},"109":{"start":{"line":176,"column":29},"end":{"line":176,"column":51}},"110":{"start":{"line":178,"column":12},"end":{"line":180,"column":58}},"111":{"start":{"line":179,"column":16},"end":{"line":179,"column":76}},"112":{"start":{"line":183,"column":8},"end":{"line":192,"column":10}},"113":{"start":{"line":184,"column":25},"end":{"line":184,"column":33}},"114":{"start":{"line":185,"column":28},"end":{"line":185,"column":35}},"115":{"start":{"line":186,"column":26},"end":{"line":186,"column":48}},"116":{"start":{"line":187,"column":29},"end":{"line":187,"column":38}},"117":{"start":{"line":189,"column":12},"end":{"line":191,"column":64}},"118":{"start":{"line":190,"column":16},"end":{"line":190,"column":76}},"119":{"start":{"line":194,"column":8},"end":{"line":203,"column":10}},"120":{"start":{"line":195,"column":25},"end":{"line":195,"column":33}},"121":{"start":{"line":196,"column":28},"end":{"line":196,"column":35}},"122":{"start":{"line":197,"column":26},"end":{"line":197,"column":48}},"123":{"start":{"line":198,"column":29},"end":{"line":198,"column":32}},"124":{"start":{"line":200,"column":12},"end":{"line":202,"column":64}},"125":{"start":{"line":201,"column":16},"end":{"line":201,"column":76}},"126":{"start":{"line":206,"column":8},"end":{"line":215,"column":10}},"127":{"start":{"line":207,"column":25},"end":{"line":207,"column":33}},"128":{"start":{"line":208,"column":28},"end":{"line":208,"column":35}},"129":{"start":{"line":209,"column":26},"end":{"line":209,"column":48}},"130":{"start":{"line":210,"column":29},"end":{"line":210,"column":33}},"131":{"start":{"line":212,"column":12},"end":{"line":214,"column":64}},"132":{"start":{"line":213,"column":16},"end":{"line":213,"column":76}},"133":{"start":{"line":217,"column":8},"end":{"line":226,"column":10}},"134":{"start":{"line":218,"column":25},"end":{"line":218,"column":33}},"135":{"start":{"line":219,"column":28},"end":{"line":219,"column":35}},"136":{"start":{"line":220,"column":26},"end":{"line":220,"column":48}},"137":{"start":{"line":221,"column":29},"end":{"line":221,"column":31}},"138":{"start":{"line":223,"column":12},"end":{"line":225,"column":64}},"139":{"start":{"line":224,"column":16},"end":{"line":224,"column":76}},"140":{"start":{"line":228,"column":8},"end":{"line":237,"column":10}},"141":{"start":{"line":229,"column":25},"end":{"line":229,"column":33}},"142":{"start":{"line":230,"column":28},"end":{"line":230,"column":35}},"143":{"start":{"line":231,"column":26},"end":{"line":231,"column":48}},"144":{"start":{"line":232,"column":29},"end":{"line":232,"column":31}},"145":{"start":{"line":234,"column":12},"end":{"line":236,"column":64}},"146":{"start":{"line":235,"column":16},"end":{"line":235,"column":76}},"147":{"start":{"line":239,"column":8},"end":{"line":248,"column":10}},"148":{"start":{"line":240,"column":25},"end":{"line":240,"column":33}},"149":{"start":{"line":241,"column":28},"end":{"line":241,"column":35}},"150":{"start":{"line":242,"column":26},"end":{"line":242,"column":48}},"151":{"start":{"line":243,"column":29},"end":{"line":243,"column":31}},"152":{"start":{"line":245,"column":12},"end":{"line":247,"column":59}},"153":{"start":{"line":246,"column":16},"end":{"line":246,"column":76}},"154":{"start":{"line":251,"column":8},"end":{"line":261,"column":10}},"155":{"start":{"line":252,"column":25},"end":{"line":252,"column":33}},"156":{"start":{"line":253,"column":28},"end":{"line":253,"column":35}},"157":{"start":{"line":254,"column":26},"end":{"line":254,"column":48}},"158":{"start":{"line":255,"column":29},"end":{"line":255,"column":34}},"159":{"start":{"line":256,"column":36},"end":{"line":256,"column":41}},"160":{"start":{"line":258,"column":12},"end":{"line":260,"column":55}},"161":{"start":{"line":259,"column":16},"end":{"line":259,"column":83}},"162":{"start":{"line":265,"column":8},"end":{"line":277,"column":10}},"163":{"start":{"line":266,"column":25},"end":{"line":266,"column":33}},"164":{"start":{"line":267,"column":28},"end":{"line":267,"column":35}},"165":{"start":{"line":268,"column":26},"end":{"line":268,"column":48}},"166":{"start":{"line":269,"column":29},"end":{"line":269,"column":34}},"167":{"start":{"line":270,"column":36},"end":{"line":270,"column":44}},"168":{"start":{"line":272,"column":12},"end":{"line":276,"column":26}},"169":{"start":{"line":273,"column":32},"end":{"line":273,"column":92}},"170":{"start":{"line":275,"column":28},"end":{"line":275,"column":91}},"171":{"start":{"line":280,"column":4},"end":{"line":428,"column":6}},"172":{"start":{"line":281,"column":21},"end":{"line":281,"column":29}},"173":{"start":{"line":282,"column":24},"end":{"line":282,"column":31}},"174":{"start":{"line":283,"column":22},"end":{"line":283,"column":61}},"175":{"start":{"line":284,"column":25},"end":{"line":284,"column":47}},"176":{"start":{"line":286,"column":19},"end":{"line":286,"column":27}},"177":{"start":{"line":287,"column":19},"end":{"line":287,"column":24}},"178":{"start":{"line":289,"column":8},"end":{"line":292,"column":9}},"179":{"start":{"line":290,"column":12},"end":{"line":291,"column":84}},"180":{"start":{"line":291,"column":30},"end":{"line":291,"column":83}},"181":{"start":{"line":294,"column":8},"end":{"line":297,"column":9}},"182":{"start":{"line":295,"column":12},"end":{"line":296,"column":53}},"183":{"start":{"line":296,"column":28},"end":{"line":296,"column":52}},"184":{"start":{"line":299,"column":8},"end":{"line":306,"column":10}},"185":{"start":{"line":300,"column":26},"end":{"line":300,"column":35}},"186":{"start":{"line":301,"column":29},"end":{"line":301,"column":33}},"187":{"start":{"line":303,"column":12},"end":{"line":305,"column":61}},"188":{"start":{"line":304,"column":16},"end":{"line":304,"column":55}},"189":{"start":{"line":308,"column":8},"end":{"line":315,"column":10}},"190":{"start":{"line":309,"column":26},"end":{"line":309,"column":29}},"191":{"start":{"line":310,"column":29},"end":{"line":310,"column":33}},"192":{"start":{"line":312,"column":12},"end":{"line":314,"column":61}},"193":{"start":{"line":313,"column":16},"end":{"line":313,"column":55}},"194":{"start":{"line":318,"column":8},"end":{"line":325,"column":10}},"195":{"start":{"line":319,"column":26},"end":{"line":319,"column":30}},"196":{"start":{"line":320,"column":29},"end":{"line":320,"column":33}},"197":{"start":{"line":322,"column":12},"end":{"line":324,"column":61}},"198":{"start":{"line":323,"column":16},"end":{"line":323,"column":55}},"199":{"start":{"line":327,"column":8},"end":{"line":334,"column":10}},"200":{"start":{"line":328,"column":26},"end":{"line":328,"column":28}},"201":{"start":{"line":329,"column":29},"end":{"line":329,"column":33}},"202":{"start":{"line":331,"column":12},"end":{"line":333,"column":61}},"203":{"start":{"line":332,"column":16},"end":{"line":332,"column":55}},"204":{"start":{"line":336,"column":8},"end":{"line":343,"column":10}},"205":{"start":{"line":337,"column":26},"end":{"line":337,"column":28}},"206":{"start":{"line":338,"column":29},"end":{"line":338,"column":33}},"207":{"start":{"line":340,"column":12},"end":{"line":342,"column":61}},"208":{"start":{"line":341,"column":16},"end":{"line":341,"column":55}},"209":{"start":{"line":345,"column":8},"end":{"line":352,"column":10}},"210":{"start":{"line":346,"column":26},"end":{"line":346,"column":28}},"211":{"start":{"line":347,"column":29},"end":{"line":347,"column":33}},"212":{"start":{"line":349,"column":12},"end":{"line":351,"column":56}},"213":{"start":{"line":350,"column":16},"end":{"line":350,"column":55}},"214":{"start":{"line":354,"column":8},"end":{"line":361,"column":10}},"215":{"start":{"line":355,"column":26},"end":{"line":355,"column":48}},"216":{"start":{"line":356,"column":29},"end":{"line":356,"column":38}},"217":{"start":{"line":358,"column":12},"end":{"line":360,"column":64}},"218":{"start":{"line":359,"column":16},"end":{"line":359,"column":55}},"219":{"start":{"line":363,"column":8},"end":{"line":370,"column":10}},"220":{"start":{"line":364,"column":26},"end":{"line":364,"column":48}},"221":{"start":{"line":365,"column":29},"end":{"line":365,"column":32}},"222":{"start":{"line":367,"column":12},"end":{"line":369,"column":64}},"223":{"start":{"line":368,"column":16},"end":{"line":368,"column":55}},"224":{"start":{"line":373,"column":8},"end":{"line":380,"column":10}},"225":{"start":{"line":374,"column":26},"end":{"line":374,"column":48}},"226":{"start":{"line":375,"column":29},"end":{"line":375,"column":33}},"227":{"start":{"line":377,"column":12},"end":{"line":379,"column":64}},"228":{"start":{"line":378,"column":16},"end":{"line":378,"column":55}},"229":{"start":{"line":382,"column":8},"end":{"line":389,"column":10}},"230":{"start":{"line":383,"column":26},"end":{"line":383,"column":48}},"231":{"start":{"line":384,"column":29},"end":{"line":384,"column":31}},"232":{"start":{"line":386,"column":12},"end":{"line":388,"column":64}},"233":{"start":{"line":387,"column":16},"end":{"line":387,"column":55}},"234":{"start":{"line":391,"column":8},"end":{"line":398,"column":10}},"235":{"start":{"line":392,"column":26},"end":{"line":392,"column":48}},"236":{"start":{"line":393,"column":29},"end":{"line":393,"column":31}},"237":{"start":{"line":395,"column":12},"end":{"line":397,"column":64}},"238":{"start":{"line":396,"column":16},"end":{"line":396,"column":55}},"239":{"start":{"line":400,"column":8},"end":{"line":407,"column":10}},"240":{"start":{"line":401,"column":26},"end":{"line":401,"column":48}},"241":{"start":{"line":402,"column":29},"end":{"line":402,"column":31}},"242":{"start":{"line":404,"column":12},"end":{"line":406,"column":59}},"243":{"start":{"line":405,"column":16},"end":{"line":405,"column":55}},"244":{"start":{"line":409,"column":8},"end":{"line":417,"column":10}},"245":{"start":{"line":410,"column":26},"end":{"line":410,"column":44}},"246":{"start":{"line":411,"column":29},"end":{"line":411,"column":33}},"247":{"start":{"line":413,"column":12},"end":{"line":416,"column":18}},"248":{"start":{"line":415,"column":20},"end":{"line":415,"column":78}},"249":{"start":{"line":419,"column":8},"end":{"line":427,"column":10}},"250":{"start":{"line":420,"column":26},"end":{"line":420,"column":30}},"251":{"start":{"line":421,"column":29},"end":{"line":421,"column":34}},"252":{"start":{"line":423,"column":12},"end":{"line":426,"column":18}},"253":{"start":{"line":425,"column":20},"end":{"line":425,"column":61}},"254":{"start":{"line":430,"column":4},"end":{"line":511,"column":6}},"255":{"start":{"line":431,"column":21},"end":{"line":431,"column":29}},"256":{"start":{"line":432,"column":24},"end":{"line":432,"column":31}},"257":{"start":{"line":433,"column":22},"end":{"line":433,"column":61}},"258":{"start":{"line":434,"column":25},"end":{"line":434,"column":47}},"259":{"start":{"line":438,"column":8},"end":{"line":442,"column":9}},"260":{"start":{"line":439,"column":12},"end":{"line":441,"column":46}},"261":{"start":{"line":440,"column":30},"end":{"line":440,"column":83}},"262":{"start":{"line":441,"column":34},"end":{"line":441,"column":45}},"263":{"start":{"line":444,"column":8},"end":{"line":450,"column":10}},"264":{"start":{"line":445,"column":27},"end":{"line":445,"column":36}},"265":{"start":{"line":447,"column":12},"end":{"line":449,"column":62}},"266":{"start":{"line":448,"column":16},"end":{"line":448,"column":42}},"267":{"start":{"line":452,"column":8},"end":{"line":458,"column":10}},"268":{"start":{"line":453,"column":27},"end":{"line":453,"column":30}},"269":{"start":{"line":455,"column":12},"end":{"line":457,"column":62}},"270":{"start":{"line":456,"column":16},"end":{"line":456,"column":42}},"271":{"start":{"line":461,"column":8},"end":{"line":467,"column":10}},"272":{"start":{"line":462,"column":27},"end":{"line":462,"column":31}},"273":{"start":{"line":464,"column":12},"end":{"line":466,"column":62}},"274":{"start":{"line":465,"column":16},"end":{"line":465,"column":42}},"275":{"start":{"line":469,"column":8},"end":{"line":475,"column":10}},"276":{"start":{"line":470,"column":27},"end":{"line":470,"column":29}},"277":{"start":{"line":472,"column":12},"end":{"line":474,"column":62}},"278":{"start":{"line":473,"column":16},"end":{"line":473,"column":42}},"279":{"start":{"line":477,"column":8},"end":{"line":483,"column":10}},"280":{"start":{"line":478,"column":27},"end":{"line":478,"column":29}},"281":{"start":{"line":480,"column":12},"end":{"line":482,"column":62}},"282":{"start":{"line":481,"column":16},"end":{"line":481,"column":42}},"283":{"start":{"line":485,"column":8},"end":{"line":491,"column":10}},"284":{"start":{"line":486,"column":27},"end":{"line":486,"column":29}},"285":{"start":{"line":488,"column":12},"end":{"line":490,"column":57}},"286":{"start":{"line":489,"column":16},"end":{"line":489,"column":42}},"287":{"start":{"line":493,"column":8},"end":{"line":503,"column":9}},"288":{"start":{"line":494,"column":12},"end":{"line":502,"column":18}},"289":{"start":{"line":496,"column":20},"end":{"line":496,"column":48}},"290":{"start":{"line":497,"column":20},"end":{"line":497,"column":48}},"291":{"start":{"line":498,"column":20},"end":{"line":498,"column":54}},"292":{"start":{"line":499,"column":20},"end":{"line":499,"column":50}},"293":{"start":{"line":501,"column":20},"end":{"line":501,"column":53}},"294":{"start":{"line":505,"column":8},"end":{"line":510,"column":10}},"295":{"start":{"line":506,"column":12},"end":{"line":509,"column":18}},"296":{"start":{"line":508,"column":20},"end":{"line":508,"column":91}},"297":{"start":{"line":513,"column":4},"end":{"line":596,"column":6}},"298":{"start":{"line":514,"column":21},"end":{"line":514,"column":29}},"299":{"start":{"line":515,"column":24},"end":{"line":515,"column":31}},"300":{"start":{"line":516,"column":22},"end":{"line":516,"column":61}},"301":{"start":{"line":517,"column":25},"end":{"line":517,"column":47}},"302":{"start":{"line":521,"column":8},"end":{"line":525,"column":9}},"303":{"start":{"line":522,"column":12},"end":{"line":524,"column":46}},"304":{"start":{"line":523,"column":30},"end":{"line":523,"column":83}},"305":{"start":{"line":524,"column":34},"end":{"line":524,"column":45}},"306":{"start":{"line":527,"column":8},"end":{"line":533,"column":10}},"307":{"start":{"line":528,"column":27},"end":{"line":528,"column":36}},"308":{"start":{"line":530,"column":12},"end":{"line":532,"column":62}},"309":{"start":{"line":531,"column":16},"end":{"line":531,"column":43}},"310":{"start":{"line":535,"column":8},"end":{"line":541,"column":10}},"311":{"start":{"line":536,"column":27},"end":{"line":536,"column":30}},"312":{"start":{"line":538,"column":12},"end":{"line":540,"column":62}},"313":{"start":{"line":539,"column":16},"end":{"line":539,"column":43}},"314":{"start":{"line":544,"column":8},"end":{"line":550,"column":10}},"315":{"start":{"line":545,"column":27},"end":{"line":545,"column":31}},"316":{"start":{"line":547,"column":12},"end":{"line":549,"column":62}},"317":{"start":{"line":548,"column":16},"end":{"line":548,"column":43}},"318":{"start":{"line":552,"column":8},"end":{"line":558,"column":10}},"319":{"start":{"line":553,"column":27},"end":{"line":553,"column":29}},"320":{"start":{"line":555,"column":12},"end":{"line":557,"column":62}},"321":{"start":{"line":556,"column":16},"end":{"line":556,"column":43}},"322":{"start":{"line":560,"column":8},"end":{"line":566,"column":10}},"323":{"start":{"line":561,"column":27},"end":{"line":561,"column":29}},"324":{"start":{"line":563,"column":12},"end":{"line":565,"column":62}},"325":{"start":{"line":564,"column":16},"end":{"line":564,"column":43}},"326":{"start":{"line":568,"column":8},"end":{"line":574,"column":10}},"327":{"start":{"line":569,"column":27},"end":{"line":569,"column":29}},"328":{"start":{"line":571,"column":12},"end":{"line":573,"column":57}},"329":{"start":{"line":572,"column":16},"end":{"line":572,"column":43}},"330":{"start":{"line":576,"column":8},"end":{"line":588,"column":9}},"331":{"start":{"line":577,"column":12},"end":{"line":587,"column":18}},"332":{"start":{"line":579,"column":28},"end":{"line":586,"column":26}},"333":{"start":{"line":580,"column":28},"end":{"line":580,"column":56}},"334":{"start":{"line":581,"column":28},"end":{"line":581,"column":56}},"335":{"start":{"line":582,"column":28},"end":{"line":582,"column":62}},"336":{"start":{"line":583,"column":28},"end":{"line":583,"column":58}},"337":{"start":{"line":585,"column":28},"end":{"line":585,"column":61}},"338":{"start":{"line":590,"column":8},"end":{"line":595,"column":9}},"339":{"start":{"line":591,"column":12},"end":{"line":594,"column":18}},"340":{"start":{"line":593,"column":20},"end":{"line":593,"column":123}},"341":{"start":{"line":598,"column":4},"end":{"line":825,"column":6}},"342":{"start":{"line":599,"column":21},"end":{"line":599,"column":29}},"343":{"start":{"line":600,"column":24},"end":{"line":600,"column":31}},"344":{"start":{"line":601,"column":22},"end":{"line":601,"column":61}},"345":{"start":{"line":602,"column":25},"end":{"line":602,"column":47}},"346":{"start":{"line":604,"column":22},"end":{"line":604,"column":29}},"347":{"start":{"line":605,"column":25},"end":{"line":605,"column":32}},"348":{"start":{"line":606,"column":23},"end":{"line":606,"column":61}},"349":{"start":{"line":610,"column":8},"end":{"line":614,"column":9}},"350":{"start":{"line":611,"column":12},"end":{"line":613,"column":46}},"351":{"start":{"line":612,"column":30},"end":{"line":612,"column":83}},"352":{"start":{"line":613,"column":34},"end":{"line":613,"column":45}},"353":{"start":{"line":616,"column":8},"end":{"line":622,"column":10}},"354":{"start":{"line":617,"column":27},"end":{"line":617,"column":36}},"355":{"start":{"line":619,"column":12},"end":{"line":621,"column":62}},"356":{"start":{"line":620,"column":16},"end":{"line":620,"column":65}},"357":{"start":{"line":624,"column":8},"end":{"line":630,"column":10}},"358":{"start":{"line":625,"column":27},"end":{"line":625,"column":30}},"359":{"start":{"line":627,"column":12},"end":{"line":629,"column":62}},"360":{"start":{"line":628,"column":16},"end":{"line":628,"column":65}},"361":{"start":{"line":633,"column":8},"end":{"line":639,"column":10}},"362":{"start":{"line":634,"column":27},"end":{"line":634,"column":31}},"363":{"start":{"line":636,"column":12},"end":{"line":638,"column":62}},"364":{"start":{"line":637,"column":16},"end":{"line":637,"column":65}},"365":{"start":{"line":641,"column":8},"end":{"line":647,"column":10}},"366":{"start":{"line":642,"column":27},"end":{"line":642,"column":29}},"367":{"start":{"line":644,"column":12},"end":{"line":646,"column":62}},"368":{"start":{"line":645,"column":16},"end":{"line":645,"column":65}},"369":{"start":{"line":649,"column":8},"end":{"line":655,"column":10}},"370":{"start":{"line":650,"column":27},"end":{"line":650,"column":29}},"371":{"start":{"line":652,"column":12},"end":{"line":654,"column":62}},"372":{"start":{"line":653,"column":16},"end":{"line":653,"column":65}},"373":{"start":{"line":657,"column":8},"end":{"line":663,"column":10}},"374":{"start":{"line":658,"column":27},"end":{"line":658,"column":29}},"375":{"start":{"line":660,"column":12},"end":{"line":662,"column":57}},"376":{"start":{"line":661,"column":16},"end":{"line":661,"column":65}},"377":{"start":{"line":665,"column":8},"end":{"line":671,"column":10}},"378":{"start":{"line":666,"column":27},"end":{"line":666,"column":36}},"379":{"start":{"line":668,"column":12},"end":{"line":670,"column":62}},"380":{"start":{"line":669,"column":16},"end":{"line":669,"column":65}},"381":{"start":{"line":673,"column":8},"end":{"line":679,"column":10}},"382":{"start":{"line":674,"column":27},"end":{"line":674,"column":30}},"383":{"start":{"line":676,"column":12},"end":{"line":678,"column":62}},"384":{"start":{"line":677,"column":16},"end":{"line":677,"column":65}},"385":{"start":{"line":682,"column":8},"end":{"line":688,"column":10}},"386":{"start":{"line":683,"column":27},"end":{"line":683,"column":31}},"387":{"start":{"line":685,"column":12},"end":{"line":687,"column":62}},"388":{"start":{"line":686,"column":16},"end":{"line":686,"column":65}},"389":{"start":{"line":690,"column":8},"end":{"line":696,"column":10}},"390":{"start":{"line":691,"column":27},"end":{"line":691,"column":29}},"391":{"start":{"line":693,"column":12},"end":{"line":695,"column":62}},"392":{"start":{"line":694,"column":16},"end":{"line":694,"column":65}},"393":{"start":{"line":698,"column":8},"end":{"line":704,"column":10}},"394":{"start":{"line":699,"column":27},"end":{"line":699,"column":29}},"395":{"start":{"line":701,"column":12},"end":{"line":703,"column":62}},"396":{"start":{"line":702,"column":16},"end":{"line":702,"column":65}},"397":{"start":{"line":706,"column":8},"end":{"line":712,"column":10}},"398":{"start":{"line":707,"column":27},"end":{"line":707,"column":29}},"399":{"start":{"line":709,"column":12},"end":{"line":711,"column":56}},"400":{"start":{"line":710,"column":16},"end":{"line":710,"column":65}},"401":{"start":{"line":714,"column":8},"end":{"line":720,"column":10}},"402":{"start":{"line":715,"column":29},"end":{"line":715,"column":38}},"403":{"start":{"line":717,"column":12},"end":{"line":719,"column":64}},"404":{"start":{"line":718,"column":16},"end":{"line":718,"column":65}},"405":{"start":{"line":722,"column":8},"end":{"line":728,"column":10}},"406":{"start":{"line":723,"column":29},"end":{"line":723,"column":32}},"407":{"start":{"line":725,"column":12},"end":{"line":727,"column":64}},"408":{"start":{"line":726,"column":16},"end":{"line":726,"column":65}},"409":{"start":{"line":731,"column":8},"end":{"line":737,"column":10}},"410":{"start":{"line":732,"column":29},"end":{"line":732,"column":33}},"411":{"start":{"line":734,"column":12},"end":{"line":736,"column":64}},"412":{"start":{"line":735,"column":16},"end":{"line":735,"column":65}},"413":{"start":{"line":739,"column":8},"end":{"line":745,"column":10}},"414":{"start":{"line":740,"column":29},"end":{"line":740,"column":31}},"415":{"start":{"line":742,"column":12},"end":{"line":744,"column":64}},"416":{"start":{"line":743,"column":16},"end":{"line":743,"column":65}},"417":{"start":{"line":747,"column":8},"end":{"line":753,"column":10}},"418":{"start":{"line":748,"column":29},"end":{"line":748,"column":31}},"419":{"start":{"line":750,"column":12},"end":{"line":752,"column":64}},"420":{"start":{"line":751,"column":16},"end":{"line":751,"column":65}},"421":{"start":{"line":755,"column":8},"end":{"line":761,"column":10}},"422":{"start":{"line":756,"column":29},"end":{"line":756,"column":31}},"423":{"start":{"line":758,"column":12},"end":{"line":760,"column":58}},"424":{"start":{"line":759,"column":16},"end":{"line":759,"column":65}},"425":{"start":{"line":763,"column":8},"end":{"line":769,"column":10}},"426":{"start":{"line":764,"column":26},"end":{"line":764,"column":35}},"427":{"start":{"line":766,"column":12},"end":{"line":768,"column":61}},"428":{"start":{"line":767,"column":16},"end":{"line":767,"column":65}},"429":{"start":{"line":771,"column":8},"end":{"line":777,"column":10}},"430":{"start":{"line":772,"column":26},"end":{"line":772,"column":29}},"431":{"start":{"line":774,"column":12},"end":{"line":776,"column":61}},"432":{"start":{"line":775,"column":16},"end":{"line":775,"column":65}},"433":{"start":{"line":780,"column":8},"end":{"line":786,"column":10}},"434":{"start":{"line":781,"column":26},"end":{"line":781,"column":30}},"435":{"start":{"line":783,"column":12},"end":{"line":785,"column":61}},"436":{"start":{"line":784,"column":16},"end":{"line":784,"column":65}},"437":{"start":{"line":788,"column":8},"end":{"line":794,"column":10}},"438":{"start":{"line":789,"column":26},"end":{"line":789,"column":28}},"439":{"start":{"line":791,"column":12},"end":{"line":793,"column":61}},"440":{"start":{"line":792,"column":16},"end":{"line":792,"column":65}},"441":{"start":{"line":796,"column":8},"end":{"line":802,"column":10}},"442":{"start":{"line":797,"column":26},"end":{"line":797,"column":28}},"443":{"start":{"line":799,"column":12},"end":{"line":801,"column":61}},"444":{"start":{"line":800,"column":16},"end":{"line":800,"column":65}},"445":{"start":{"line":804,"column":8},"end":{"line":810,"column":10}},"446":{"start":{"line":805,"column":26},"end":{"line":805,"column":28}},"447":{"start":{"line":807,"column":12},"end":{"line":809,"column":55}},"448":{"start":{"line":808,"column":16},"end":{"line":808,"column":65}},"449":{"start":{"line":812,"column":8},"end":{"line":819,"column":9}},"450":{"start":{"line":813,"column":12},"end":{"line":818,"column":18}},"451":{"start":{"line":815,"column":20},"end":{"line":815,"column":49}},"452":{"start":{"line":816,"column":20},"end":{"line":816,"column":55}},"453":{"start":{"line":817,"column":20},"end":{"line":817,"column":51}},"454":{"start":{"line":821,"column":8},"end":{"line":824,"column":9}},"455":{"start":{"line":822,"column":12},"end":{"line":823,"column":112}},"456":{"start":{"line":823,"column":40},"end":{"line":823,"column":111}},"457":{"start":{"line":827,"column":4},"end":{"line":902,"column":6}},"458":{"start":{"line":828,"column":21},"end":{"line":828,"column":29}},"459":{"start":{"line":829,"column":24},"end":{"line":829,"column":31}},"460":{"start":{"line":830,"column":22},"end":{"line":830,"column":61}},"461":{"start":{"line":831,"column":25},"end":{"line":831,"column":47}},"462":{"start":{"line":835,"column":8},"end":{"line":839,"column":9}},"463":{"start":{"line":836,"column":12},"end":{"line":838,"column":46}},"464":{"start":{"line":837,"column":30},"end":{"line":837,"column":83}},"465":{"start":{"line":838,"column":34},"end":{"line":838,"column":45}},"466":{"start":{"line":841,"column":8},"end":{"line":847,"column":10}},"467":{"start":{"line":842,"column":27},"end":{"line":842,"column":36}},"468":{"start":{"line":844,"column":12},"end":{"line":846,"column":62}},"469":{"start":{"line":845,"column":16},"end":{"line":845,"column":40}},"470":{"start":{"line":849,"column":8},"end":{"line":855,"column":10}},"471":{"start":{"line":850,"column":27},"end":{"line":850,"column":30}},"472":{"start":{"line":852,"column":12},"end":{"line":854,"column":62}},"473":{"start":{"line":853,"column":16},"end":{"line":853,"column":40}},"474":{"start":{"line":857,"column":8},"end":{"line":863,"column":10}},"475":{"start":{"line":858,"column":27},"end":{"line":858,"column":31}},"476":{"start":{"line":860,"column":12},"end":{"line":862,"column":62}},"477":{"start":{"line":861,"column":16},"end":{"line":861,"column":40}},"478":{"start":{"line":865,"column":8},"end":{"line":871,"column":10}},"479":{"start":{"line":866,"column":27},"end":{"line":866,"column":29}},"480":{"start":{"line":868,"column":12},"end":{"line":870,"column":62}},"481":{"start":{"line":869,"column":16},"end":{"line":869,"column":40}},"482":{"start":{"line":873,"column":8},"end":{"line":879,"column":10}},"483":{"start":{"line":874,"column":27},"end":{"line":874,"column":29}},"484":{"start":{"line":876,"column":12},"end":{"line":878,"column":62}},"485":{"start":{"line":877,"column":16},"end":{"line":877,"column":40}},"486":{"start":{"line":881,"column":8},"end":{"line":887,"column":10}},"487":{"start":{"line":882,"column":27},"end":{"line":882,"column":29}},"488":{"start":{"line":884,"column":12},"end":{"line":886,"column":57}},"489":{"start":{"line":885,"column":16},"end":{"line":885,"column":40}},"490":{"start":{"line":889,"column":8},"end":{"line":896,"column":9}},"491":{"start":{"line":890,"column":12},"end":{"line":895,"column":18}},"492":{"start":{"line":892,"column":20},"end":{"line":892,"column":48}},"493":{"start":{"line":893,"column":20},"end":{"line":893,"column":54}},"494":{"start":{"line":894,"column":20},"end":{"line":894,"column":50}},"495":{"start":{"line":898,"column":8},"end":{"line":901,"column":9}},"496":{"start":{"line":899,"column":16},"end":{"line":900,"column":116}},"497":{"start":{"line":900,"column":44},"end":{"line":900,"column":115}},"498":{"start":{"line":904,"column":4},"end":{"line":1120,"column":6}},"499":{"start":{"line":905,"column":19},"end":{"line":905,"column":27}},"500":{"start":{"line":906,"column":22},"end":{"line":906,"column":29}},"501":{"start":{"line":907,"column":20},"end":{"line":907,"column":59}},"502":{"start":{"line":908,"column":23},"end":{"line":908,"column":45}},"503":{"start":{"line":910,"column":20},"end":{"line":910,"column":26}},"504":{"start":{"line":911,"column":23},"end":{"line":911,"column":30}},"505":{"start":{"line":912,"column":21},"end":{"line":912,"column":58}},"506":{"start":{"line":913,"column":24},"end":{"line":913,"column":46}},"507":{"start":{"line":915,"column":25},"end":{"line":915,"column":37}},"508":{"start":{"line":916,"column":23},"end":{"line":916,"column":40}},"509":{"start":{"line":917,"column":19},"end":{"line":917,"column":40}},"510":{"start":{"line":922,"column":18},"end":{"line":922,"column":28}},"511":{"start":{"line":924,"column":8},"end":{"line":945,"column":10}},"512":{"start":{"line":926,"column":26},"end":{"line":926,"column":57}},"513":{"start":{"line":928,"column":25},"end":{"line":928,"column":85}},"514":{"start":{"line":930,"column":12},"end":{"line":930,"column":27}},"515":{"start":{"line":932,"column":26},"end":{"line":932,"column":58}},"516":{"start":{"line":934,"column":23},"end":{"line":934,"column":108}},"517":{"start":{"line":936,"column":12},"end":{"line":936,"column":31}},"518":{"start":{"line":938,"column":28},"end":{"line":938,"column":100}},"519":{"start":{"line":940,"column":12},"end":{"line":940,"column":23}},"520":{"start":{"line":942,"column":32},"end":{"line":942,"column":90}},"521":{"start":{"line":944,"column":30},"end":{"line":944,"column":90}},"522":{"start":{"line":947,"column":8},"end":{"line":954,"column":10}},"523":{"start":{"line":948,"column":31},"end":{"line":948,"column":40}},"524":{"start":{"line":949,"column":24},"end":{"line":949,"column":34}},"525":{"start":{"line":951,"column":12},"end":{"line":953,"column":66}},"526":{"start":{"line":952,"column":16},"end":{"line":952,"column":64}},"527":{"start":{"line":956,"column":8},"end":{"line":963,"column":10}},"528":{"start":{"line":957,"column":31},"end":{"line":957,"column":34}},"529":{"start":{"line":958,"column":24},"end":{"line":958,"column":34}},"530":{"start":{"line":960,"column":12},"end":{"line":962,"column":66}},"531":{"start":{"line":961,"column":16},"end":{"line":961,"column":64}},"532":{"start":{"line":965,"column":8},"end":{"line":972,"column":10}},"533":{"start":{"line":966,"column":31},"end":{"line":966,"column":35}},"534":{"start":{"line":967,"column":24},"end":{"line":967,"column":34}},"535":{"start":{"line":969,"column":12},"end":{"line":971,"column":66}},"536":{"start":{"line":970,"column":16},"end":{"line":970,"column":64}},"537":{"start":{"line":974,"column":8},"end":{"line":981,"column":10}},"538":{"start":{"line":975,"column":31},"end":{"line":975,"column":33}},"539":{"start":{"line":976,"column":24},"end":{"line":976,"column":34}},"540":{"start":{"line":978,"column":12},"end":{"line":980,"column":66}},"541":{"start":{"line":979,"column":16},"end":{"line":979,"column":64}},"542":{"start":{"line":983,"column":8},"end":{"line":990,"column":10}},"543":{"start":{"line":984,"column":31},"end":{"line":984,"column":33}},"544":{"start":{"line":985,"column":24},"end":{"line":985,"column":34}},"545":{"start":{"line":987,"column":12},"end":{"line":989,"column":66}},"546":{"start":{"line":988,"column":16},"end":{"line":988,"column":64}},"547":{"start":{"line":992,"column":8},"end":{"line":999,"column":10}},"548":{"start":{"line":993,"column":31},"end":{"line":993,"column":33}},"549":{"start":{"line":994,"column":24},"end":{"line":994,"column":34}},"550":{"start":{"line":996,"column":12},"end":{"line":998,"column":57}},"551":{"start":{"line":997,"column":16},"end":{"line":997,"column":64}},"552":{"start":{"line":1001,"column":8},"end":{"line":1007,"column":10}},"553":{"start":{"line":1002,"column":24},"end":{"line":1002,"column":33}},"554":{"start":{"line":1004,"column":12},"end":{"line":1006,"column":59}},"555":{"start":{"line":1005,"column":16},"end":{"line":1005,"column":64}},"556":{"start":{"line":1009,"column":8},"end":{"line":1015,"column":10}},"557":{"start":{"line":1010,"column":24},"end":{"line":1010,"column":27}},"558":{"start":{"line":1012,"column":12},"end":{"line":1014,"column":59}},"559":{"start":{"line":1013,"column":16},"end":{"line":1013,"column":64}},"560":{"start":{"line":1017,"column":8},"end":{"line":1023,"column":10}},"561":{"start":{"line":1018,"column":24},"end":{"line":1018,"column":28}},"562":{"start":{"line":1020,"column":12},"end":{"line":1022,"column":59}},"563":{"start":{"line":1021,"column":16},"end":{"line":1021,"column":64}},"564":{"start":{"line":1025,"column":8},"end":{"line":1031,"column":10}},"565":{"start":{"line":1026,"column":24},"end":{"line":1026,"column":26}},"566":{"start":{"line":1028,"column":12},"end":{"line":1030,"column":59}},"567":{"start":{"line":1029,"column":16},"end":{"line":1029,"column":64}},"568":{"start":{"line":1033,"column":8},"end":{"line":1039,"column":10}},"569":{"start":{"line":1034,"column":24},"end":{"line":1034,"column":26}},"570":{"start":{"line":1036,"column":12},"end":{"line":1038,"column":59}},"571":{"start":{"line":1037,"column":16},"end":{"line":1037,"column":64}},"572":{"start":{"line":1041,"column":8},"end":{"line":1047,"column":10}},"573":{"start":{"line":1042,"column":24},"end":{"line":1042,"column":26}},"574":{"start":{"line":1044,"column":12},"end":{"line":1046,"column":54}},"575":{"start":{"line":1045,"column":16},"end":{"line":1045,"column":64}},"576":{"start":{"line":1049,"column":8},"end":{"line":1056,"column":10}},"577":{"start":{"line":1050,"column":26},"end":{"line":1050,"column":35}},"578":{"start":{"line":1051,"column":24},"end":{"line":1051,"column":34}},"579":{"start":{"line":1053,"column":12},"end":{"line":1055,"column":61}},"580":{"start":{"line":1054,"column":16},"end":{"line":1054,"column":64}},"581":{"start":{"line":1058,"column":8},"end":{"line":1065,"column":10}},"582":{"start":{"line":1059,"column":26},"end":{"line":1059,"column":29}},"583":{"start":{"line":1060,"column":24},"end":{"line":1060,"column":34}},"584":{"start":{"line":1062,"column":12},"end":{"line":1064,"column":61}},"585":{"start":{"line":1063,"column":16},"end":{"line":1063,"column":64}},"586":{"start":{"line":1067,"column":8},"end":{"line":1074,"column":10}},"587":{"start":{"line":1068,"column":26},"end":{"line":1068,"column":30}},"588":{"start":{"line":1069,"column":24},"end":{"line":1069,"column":34}},"589":{"start":{"line":1071,"column":12},"end":{"line":1073,"column":61}},"590":{"start":{"line":1072,"column":16},"end":{"line":1072,"column":64}},"591":{"start":{"line":1076,"column":8},"end":{"line":1083,"column":10}},"592":{"start":{"line":1077,"column":26},"end":{"line":1077,"column":28}},"593":{"start":{"line":1078,"column":24},"end":{"line":1078,"column":34}},"594":{"start":{"line":1080,"column":12},"end":{"line":1082,"column":61}},"595":{"start":{"line":1081,"column":16},"end":{"line":1081,"column":64}},"596":{"start":{"line":1085,"column":8},"end":{"line":1092,"column":10}},"597":{"start":{"line":1086,"column":26},"end":{"line":1086,"column":28}},"598":{"start":{"line":1087,"column":24},"end":{"line":1087,"column":34}},"599":{"start":{"line":1089,"column":12},"end":{"line":1091,"column":61}},"600":{"start":{"line":1090,"column":16},"end":{"line":1090,"column":64}},"601":{"start":{"line":1094,"column":8},"end":{"line":1101,"column":10}},"602":{"start":{"line":1095,"column":26},"end":{"line":1095,"column":28}},"603":{"start":{"line":1096,"column":24},"end":{"line":1096,"column":34}},"604":{"start":{"line":1098,"column":12},"end":{"line":1100,"column":56}},"605":{"start":{"line":1099,"column":16},"end":{"line":1099,"column":64}},"606":{"start":{"line":1103,"column":8},"end":{"line":1109,"column":10}},"607":{"start":{"line":1104,"column":12},"end":{"line":1108,"column":18}},"608":{"start":{"line":1106,"column":20},"end":{"line":1106,"column":49}},"609":{"start":{"line":1107,"column":20},"end":{"line":1107,"column":58}},"610":{"start":{"line":1111,"column":8},"end":{"line":1119,"column":10}},"611":{"start":{"line":1112,"column":26},"end":{"line":1112,"column":49}},"612":{"start":{"line":1114,"column":12},"end":{"line":1118,"column":18}},"613":{"start":{"line":1116,"column":20},"end":{"line":1116,"column":49}},"614":{"start":{"line":1117,"column":20},"end":{"line":1117,"column":128}},"615":{"start":{"line":1122,"column":4},"end":{"line":1254,"column":6}},"616":{"start":{"line":1123,"column":19},"end":{"line":1123,"column":27}},"617":{"start":{"line":1124,"column":22},"end":{"line":1124,"column":29}},"618":{"start":{"line":1125,"column":20},"end":{"line":1125,"column":59}},"619":{"start":{"line":1126,"column":23},"end":{"line":1126,"column":45}},"620":{"start":{"line":1129,"column":18},"end":{"line":1129,"column":28}},"621":{"start":{"line":1131,"column":8},"end":{"line":1138,"column":10}},"622":{"start":{"line":1133,"column":26},"end":{"line":1133,"column":57}},"623":{"start":{"line":1135,"column":25},"end":{"line":1135,"column":85}},"624":{"start":{"line":1137,"column":12},"end":{"line":1137,"column":23}},"625":{"start":{"line":1140,"column":8},"end":{"line":1146,"column":10}},"626":{"start":{"line":1141,"column":27},"end":{"line":1141,"column":36}},"627":{"start":{"line":1143,"column":12},"end":{"line":1145,"column":62}},"628":{"start":{"line":1144,"column":16},"end":{"line":1144,"column":45}},"629":{"start":{"line":1148,"column":8},"end":{"line":1154,"column":10}},"630":{"start":{"line":1149,"column":27},"end":{"line":1149,"column":30}},"631":{"start":{"line":1151,"column":12},"end":{"line":1153,"column":62}},"632":{"start":{"line":1152,"column":16},"end":{"line":1152,"column":45}},"633":{"start":{"line":1157,"column":8},"end":{"line":1163,"column":10}},"634":{"start":{"line":1158,"column":27},"end":{"line":1158,"column":31}},"635":{"start":{"line":1160,"column":12},"end":{"line":1162,"column":62}},"636":{"start":{"line":1161,"column":16},"end":{"line":1161,"column":45}},"637":{"start":{"line":1165,"column":8},"end":{"line":1171,"column":10}},"638":{"start":{"line":1166,"column":27},"end":{"line":1166,"column":29}},"639":{"start":{"line":1168,"column":12},"end":{"line":1170,"column":62}},"640":{"start":{"line":1169,"column":16},"end":{"line":1169,"column":45}},"641":{"start":{"line":1173,"column":8},"end":{"line":1179,"column":10}},"642":{"start":{"line":1174,"column":27},"end":{"line":1174,"column":29}},"643":{"start":{"line":1176,"column":12},"end":{"line":1178,"column":62}},"644":{"start":{"line":1177,"column":16},"end":{"line":1177,"column":45}},"645":{"start":{"line":1181,"column":8},"end":{"line":1187,"column":10}},"646":{"start":{"line":1182,"column":27},"end":{"line":1182,"column":29}},"647":{"start":{"line":1184,"column":12},"end":{"line":1186,"column":57}},"648":{"start":{"line":1185,"column":16},"end":{"line":1185,"column":45}},"649":{"start":{"line":1189,"column":8},"end":{"line":1195,"column":10}},"650":{"start":{"line":1190,"column":24},"end":{"line":1190,"column":33}},"651":{"start":{"line":1192,"column":12},"end":{"line":1194,"column":59}},"652":{"start":{"line":1193,"column":16},"end":{"line":1193,"column":50}},"653":{"start":{"line":1197,"column":8},"end":{"line":1203,"column":10}},"654":{"start":{"line":1198,"column":24},"end":{"line":1198,"column":27}},"655":{"start":{"line":1200,"column":12},"end":{"line":1202,"column":59}},"656":{"start":{"line":1201,"column":16},"end":{"line":1201,"column":50}},"657":{"start":{"line":1205,"column":8},"end":{"line":1211,"column":10}},"658":{"start":{"line":1206,"column":24},"end":{"line":1206,"column":28}},"659":{"start":{"line":1208,"column":12},"end":{"line":1210,"column":59}},"660":{"start":{"line":1209,"column":16},"end":{"line":1209,"column":50}},"661":{"start":{"line":1213,"column":8},"end":{"line":1219,"column":10}},"662":{"start":{"line":1214,"column":24},"end":{"line":1214,"column":26}},"663":{"start":{"line":1216,"column":12},"end":{"line":1218,"column":59}},"664":{"start":{"line":1217,"column":16},"end":{"line":1217,"column":50}},"665":{"start":{"line":1221,"column":8},"end":{"line":1227,"column":10}},"666":{"start":{"line":1222,"column":24},"end":{"line":1222,"column":26}},"667":{"start":{"line":1224,"column":12},"end":{"line":1226,"column":59}},"668":{"start":{"line":1225,"column":16},"end":{"line":1225,"column":50}},"669":{"start":{"line":1229,"column":8},"end":{"line":1235,"column":10}},"670":{"start":{"line":1230,"column":24},"end":{"line":1230,"column":26}},"671":{"start":{"line":1232,"column":12},"end":{"line":1234,"column":54}},"672":{"start":{"line":1233,"column":16},"end":{"line":1233,"column":50}},"673":{"start":{"line":1237,"column":8},"end":{"line":1243,"column":10}},"674":{"start":{"line":1238,"column":12},"end":{"line":1242,"column":18}},"675":{"start":{"line":1240,"column":20},"end":{"line":1240,"column":46}},"676":{"start":{"line":1241,"column":20},"end":{"line":1241,"column":55}},"677":{"start":{"line":1245,"column":8},"end":{"line":1253,"column":10}},"678":{"start":{"line":1246,"column":25},"end":{"line":1246,"column":44}},"679":{"start":{"line":1248,"column":12},"end":{"line":1252,"column":18}},"680":{"start":{"line":1250,"column":20},"end":{"line":1250,"column":49}},"681":{"start":{"line":1251,"column":20},"end":{"line":1251,"column":126}},"682":{"start":{"line":1256,"column":4},"end":{"line":1528,"column":6}},"683":{"start":{"line":1257,"column":19},"end":{"line":1257,"column":27}},"684":{"start":{"line":1258,"column":22},"end":{"line":1258,"column":29}},"685":{"start":{"line":1259,"column":20},"end":{"line":1259,"column":59}},"686":{"start":{"line":1260,"column":23},"end":{"line":1260,"column":45}},"687":{"start":{"line":1262,"column":20},"end":{"line":1262,"column":26}},"688":{"start":{"line":1263,"column":23},"end":{"line":1263,"column":30}},"689":{"start":{"line":1264,"column":21},"end":{"line":1264,"column":58}},"690":{"start":{"line":1265,"column":24},"end":{"line":1265,"column":46}},"691":{"start":{"line":1267,"column":25},"end":{"line":1267,"column":37}},"692":{"start":{"line":1268,"column":23},"end":{"line":1268,"column":40}},"693":{"start":{"line":1269,"column":19},"end":{"line":1269,"column":40}},"694":{"start":{"line":1274,"column":8},"end":{"line":1287,"column":10}},"695":{"start":{"line":1276,"column":26},"end":{"line":1276,"column":57}},"696":{"start":{"line":1278,"column":25},"end":{"line":1278,"column":85}},"697":{"start":{"line":1280,"column":12},"end":{"line":1280,"column":27}},"698":{"start":{"line":1282,"column":26},"end":{"line":1282,"column":58}},"699":{"start":{"line":1284,"column":23},"end":{"line":1284,"column":108}},"700":{"start":{"line":1286,"column":12},"end":{"line":1286,"column":31}},"701":{"start":{"line":1289,"column":8},"end":{"line":1295,"column":10}},"702":{"start":{"line":1290,"column":31},"end":{"line":1290,"column":40}},"703":{"start":{"line":1292,"column":12},"end":{"line":1294,"column":66}},"704":{"start":{"line":1293,"column":16},"end":{"line":1293,"column":85}},"705":{"start":{"line":1297,"column":8},"end":{"line":1303,"column":10}},"706":{"start":{"line":1298,"column":31},"end":{"line":1298,"column":34}},"707":{"start":{"line":1300,"column":12},"end":{"line":1302,"column":66}},"708":{"start":{"line":1301,"column":16},"end":{"line":1301,"column":85}},"709":{"start":{"line":1305,"column":8},"end":{"line":1311,"column":10}},"710":{"start":{"line":1306,"column":31},"end":{"line":1306,"column":35}},"711":{"start":{"line":1308,"column":12},"end":{"line":1310,"column":66}},"712":{"start":{"line":1309,"column":16},"end":{"line":1309,"column":85}},"713":{"start":{"line":1313,"column":8},"end":{"line":1319,"column":10}},"714":{"start":{"line":1314,"column":31},"end":{"line":1314,"column":33}},"715":{"start":{"line":1316,"column":12},"end":{"line":1318,"column":66}},"716":{"start":{"line":1317,"column":16},"end":{"line":1317,"column":85}},"717":{"start":{"line":1321,"column":8},"end":{"line":1327,"column":10}},"718":{"start":{"line":1322,"column":31},"end":{"line":1322,"column":33}},"719":{"start":{"line":1324,"column":12},"end":{"line":1326,"column":66}},"720":{"start":{"line":1325,"column":16},"end":{"line":1325,"column":85}},"721":{"start":{"line":1329,"column":8},"end":{"line":1335,"column":10}},"722":{"start":{"line":1330,"column":31},"end":{"line":1330,"column":33}},"723":{"start":{"line":1332,"column":12},"end":{"line":1334,"column":61}},"724":{"start":{"line":1333,"column":16},"end":{"line":1333,"column":85}},"725":{"start":{"line":1337,"column":8},"end":{"line":1343,"column":10}},"726":{"start":{"line":1338,"column":29},"end":{"line":1338,"column":38}},"727":{"start":{"line":1340,"column":12},"end":{"line":1342,"column":64}},"728":{"start":{"line":1341,"column":16},"end":{"line":1341,"column":85}},"729":{"start":{"line":1345,"column":8},"end":{"line":1351,"column":10}},"730":{"start":{"line":1346,"column":29},"end":{"line":1346,"column":32}},"731":{"start":{"line":1348,"column":12},"end":{"line":1350,"column":64}},"732":{"start":{"line":1349,"column":16},"end":{"line":1349,"column":85}},"733":{"start":{"line":1353,"column":8},"end":{"line":1359,"column":10}},"734":{"start":{"line":1354,"column":29},"end":{"line":1354,"column":33}},"735":{"start":{"line":1356,"column":12},"end":{"line":1358,"column":64}},"736":{"start":{"line":1357,"column":16},"end":{"line":1357,"column":85}},"737":{"start":{"line":1361,"column":8},"end":{"line":1367,"column":10}},"738":{"start":{"line":1362,"column":29},"end":{"line":1362,"column":31}},"739":{"start":{"line":1364,"column":12},"end":{"line":1366,"column":64}},"740":{"start":{"line":1365,"column":16},"end":{"line":1365,"column":85}},"741":{"start":{"line":1369,"column":8},"end":{"line":1375,"column":10}},"742":{"start":{"line":1370,"column":29},"end":{"line":1370,"column":31}},"743":{"start":{"line":1372,"column":12},"end":{"line":1374,"column":64}},"744":{"start":{"line":1373,"column":16},"end":{"line":1373,"column":85}},"745":{"start":{"line":1377,"column":8},"end":{"line":1383,"column":10}},"746":{"start":{"line":1378,"column":29},"end":{"line":1378,"column":31}},"747":{"start":{"line":1380,"column":12},"end":{"line":1382,"column":59}},"748":{"start":{"line":1381,"column":16},"end":{"line":1381,"column":85}},"749":{"start":{"line":1385,"column":8},"end":{"line":1391,"column":10}},"750":{"start":{"line":1386,"column":31},"end":{"line":1386,"column":40}},"751":{"start":{"line":1388,"column":12},"end":{"line":1390,"column":66}},"752":{"start":{"line":1389,"column":16},"end":{"line":1389,"column":85}},"753":{"start":{"line":1393,"column":8},"end":{"line":1399,"column":10}},"754":{"start":{"line":1394,"column":31},"end":{"line":1394,"column":34}},"755":{"start":{"line":1396,"column":12},"end":{"line":1398,"column":66}},"756":{"start":{"line":1397,"column":16},"end":{"line":1397,"column":85}},"757":{"start":{"line":1401,"column":8},"end":{"line":1407,"column":10}},"758":{"start":{"line":1402,"column":31},"end":{"line":1402,"column":35}},"759":{"start":{"line":1404,"column":12},"end":{"line":1406,"column":66}},"760":{"start":{"line":1405,"column":16},"end":{"line":1405,"column":85}},"761":{"start":{"line":1409,"column":8},"end":{"line":1415,"column":10}},"762":{"start":{"line":1410,"column":31},"end":{"line":1410,"column":33}},"763":{"start":{"line":1412,"column":12},"end":{"line":1414,"column":66}},"764":{"start":{"line":1413,"column":16},"end":{"line":1413,"column":85}},"765":{"start":{"line":1417,"column":8},"end":{"line":1423,"column":10}},"766":{"start":{"line":1418,"column":31},"end":{"line":1418,"column":33}},"767":{"start":{"line":1420,"column":12},"end":{"line":1422,"column":66}},"768":{"start":{"line":1421,"column":16},"end":{"line":1421,"column":85}},"769":{"start":{"line":1425,"column":8},"end":{"line":1431,"column":10}},"770":{"start":{"line":1426,"column":31},"end":{"line":1426,"column":33}},"771":{"start":{"line":1428,"column":12},"end":{"line":1430,"column":61}},"772":{"start":{"line":1429,"column":16},"end":{"line":1429,"column":85}},"773":{"start":{"line":1433,"column":8},"end":{"line":1439,"column":10}},"774":{"start":{"line":1434,"column":29},"end":{"line":1434,"column":38}},"775":{"start":{"line":1436,"column":12},"end":{"line":1438,"column":64}},"776":{"start":{"line":1437,"column":16},"end":{"line":1437,"column":85}},"777":{"start":{"line":1441,"column":8},"end":{"line":1447,"column":10}},"778":{"start":{"line":1442,"column":29},"end":{"line":1442,"column":32}},"779":{"start":{"line":1444,"column":12},"end":{"line":1446,"column":64}},"780":{"start":{"line":1445,"column":16},"end":{"line":1445,"column":85}},"781":{"start":{"line":1449,"column":8},"end":{"line":1455,"column":10}},"782":{"start":{"line":1450,"column":29},"end":{"line":1450,"column":33}},"783":{"start":{"line":1452,"column":12},"end":{"line":1454,"column":64}},"784":{"start":{"line":1453,"column":16},"end":{"line":1453,"column":85}},"785":{"start":{"line":1457,"column":8},"end":{"line":1463,"column":10}},"786":{"start":{"line":1458,"column":29},"end":{"line":1458,"column":31}},"787":{"start":{"line":1460,"column":12},"end":{"line":1462,"column":64}},"788":{"start":{"line":1461,"column":16},"end":{"line":1461,"column":85}},"789":{"start":{"line":1465,"column":8},"end":{"line":1471,"column":10}},"790":{"start":{"line":1466,"column":29},"end":{"line":1466,"column":31}},"791":{"start":{"line":1468,"column":12},"end":{"line":1470,"column":49}},"792":{"start":{"line":1469,"column":16},"end":{"line":1469,"column":85}},"793":{"start":{"line":1473,"column":8},"end":{"line":1479,"column":10}},"794":{"start":{"line":1474,"column":25},"end":{"line":1474,"column":34}},"795":{"start":{"line":1476,"column":12},"end":{"line":1478,"column":60}},"796":{"start":{"line":1477,"column":16},"end":{"line":1477,"column":85}},"797":{"start":{"line":1481,"column":8},"end":{"line":1487,"column":10}},"798":{"start":{"line":1482,"column":25},"end":{"line":1482,"column":28}},"799":{"start":{"line":1484,"column":12},"end":{"line":1486,"column":60}},"800":{"start":{"line":1485,"column":16},"end":{"line":1485,"column":85}},"801":{"start":{"line":1489,"column":8},"end":{"line":1495,"column":10}},"802":{"start":{"line":1490,"column":25},"end":{"line":1490,"column":29}},"803":{"start":{"line":1492,"column":12},"end":{"line":1494,"column":60}},"804":{"start":{"line":1493,"column":16},"end":{"line":1493,"column":85}},"805":{"start":{"line":1497,"column":8},"end":{"line":1503,"column":10}},"806":{"start":{"line":1498,"column":25},"end":{"line":1498,"column":27}},"807":{"start":{"line":1500,"column":12},"end":{"line":1502,"column":60}},"808":{"start":{"line":1501,"column":16},"end":{"line":1501,"column":85}},"809":{"start":{"line":1505,"column":8},"end":{"line":1511,"column":10}},"810":{"start":{"line":1506,"column":25},"end":{"line":1506,"column":27}},"811":{"start":{"line":1508,"column":12},"end":{"line":1510,"column":60}},"812":{"start":{"line":1509,"column":16},"end":{"line":1509,"column":85}},"813":{"start":{"line":1513,"column":8},"end":{"line":1519,"column":10}},"814":{"start":{"line":1514,"column":25},"end":{"line":1514,"column":27}},"815":{"start":{"line":1516,"column":12},"end":{"line":1518,"column":55}},"816":{"start":{"line":1517,"column":16},"end":{"line":1517,"column":85}},"817":{"start":{"line":1521,"column":8},"end":{"line":1527,"column":14}},"818":{"start":{"line":1522,"column":12},"end":{"line":1526,"column":18}},"819":{"start":{"line":1524,"column":20},"end":{"line":1524,"column":49}},"820":{"start":{"line":1525,"column":20},"end":{"line":1525,"column":66}},"821":{"start":{"line":1530,"column":4},"end":{"line":1676,"column":6}},"822":{"start":{"line":1531,"column":19},"end":{"line":1531,"column":27}},"823":{"start":{"line":1532,"column":22},"end":{"line":1532,"column":29}},"824":{"start":{"line":1533,"column":20},"end":{"line":1533,"column":59}},"825":{"start":{"line":1534,"column":23},"end":{"line":1534,"column":45}},"826":{"start":{"line":1536,"column":20},"end":{"line":1536,"column":26}},"827":{"start":{"line":1537,"column":23},"end":{"line":1537,"column":30}},"828":{"start":{"line":1538,"column":21},"end":{"line":1538,"column":58}},"829":{"start":{"line":1539,"column":24},"end":{"line":1539,"column":46}},"830":{"start":{"line":1541,"column":25},"end":{"line":1541,"column":37}},"831":{"start":{"line":1542,"column":23},"end":{"line":1542,"column":40}},"832":{"start":{"line":1543,"column":19},"end":{"line":1543,"column":40}},"833":{"start":{"line":1549,"column":8},"end":{"line":1570,"column":10}},"834":{"start":{"line":1551,"column":26},"end":{"line":1551,"column":57}},"835":{"start":{"line":1553,"column":25},"end":{"line":1553,"column":85}},"836":{"start":{"line":1555,"column":12},"end":{"line":1555,"column":27}},"837":{"start":{"line":1557,"column":26},"end":{"line":1557,"column":58}},"838":{"start":{"line":1559,"column":23},"end":{"line":1559,"column":108}},"839":{"start":{"line":1561,"column":12},"end":{"line":1561,"column":31}},"840":{"start":{"line":1563,"column":28},"end":{"line":1563,"column":100}},"841":{"start":{"line":1565,"column":12},"end":{"line":1565,"column":23}},"842":{"start":{"line":1567,"column":32},"end":{"line":1567,"column":90}},"843":{"start":{"line":1569,"column":30},"end":{"line":1569,"column":90}},"844":{"start":{"line":1572,"column":8},"end":{"line":1578,"column":10}},"845":{"start":{"line":1573,"column":27},"end":{"line":1573,"column":36}},"846":{"start":{"line":1575,"column":12},"end":{"line":1577,"column":62}},"847":{"start":{"line":1576,"column":16},"end":{"line":1576,"column":48}},"848":{"start":{"line":1580,"column":8},"end":{"line":1586,"column":10}},"849":{"start":{"line":1581,"column":27},"end":{"line":1581,"column":30}},"850":{"start":{"line":1583,"column":12},"end":{"line":1585,"column":62}},"851":{"start":{"line":1584,"column":16},"end":{"line":1584,"column":48}},"852":{"start":{"line":1588,"column":8},"end":{"line":1594,"column":10}},"853":{"start":{"line":1589,"column":27},"end":{"line":1589,"column":31}},"854":{"start":{"line":1591,"column":12},"end":{"line":1593,"column":62}},"855":{"start":{"line":1592,"column":16},"end":{"line":1592,"column":48}},"856":{"start":{"line":1596,"column":8},"end":{"line":1602,"column":10}},"857":{"start":{"line":1597,"column":27},"end":{"line":1597,"column":29}},"858":{"start":{"line":1599,"column":12},"end":{"line":1601,"column":62}},"859":{"start":{"line":1600,"column":16},"end":{"line":1600,"column":48}},"860":{"start":{"line":1604,"column":8},"end":{"line":1610,"column":10}},"861":{"start":{"line":1605,"column":27},"end":{"line":1605,"column":29}},"862":{"start":{"line":1607,"column":12},"end":{"line":1609,"column":62}},"863":{"start":{"line":1608,"column":16},"end":{"line":1608,"column":48}},"864":{"start":{"line":1612,"column":8},"end":{"line":1618,"column":10}},"865":{"start":{"line":1613,"column":27},"end":{"line":1613,"column":29}},"866":{"start":{"line":1615,"column":12},"end":{"line":1617,"column":59}},"867":{"start":{"line":1616,"column":16},"end":{"line":1616,"column":48}},"868":{"start":{"line":1620,"column":8},"end":{"line":1626,"column":10}},"869":{"start":{"line":1621,"column":26},"end":{"line":1621,"column":35}},"870":{"start":{"line":1623,"column":12},"end":{"line":1625,"column":61}},"871":{"start":{"line":1624,"column":16},"end":{"line":1624,"column":50}},"872":{"start":{"line":1628,"column":8},"end":{"line":1634,"column":10}},"873":{"start":{"line":1629,"column":26},"end":{"line":1629,"column":29}},"874":{"start":{"line":1631,"column":12},"end":{"line":1633,"column":61}},"875":{"start":{"line":1632,"column":16},"end":{"line":1632,"column":50}},"876":{"start":{"line":1636,"column":8},"end":{"line":1642,"column":10}},"877":{"start":{"line":1637,"column":26},"end":{"line":1637,"column":30}},"878":{"start":{"line":1639,"column":12},"end":{"line":1641,"column":61}},"879":{"start":{"line":1640,"column":16},"end":{"line":1640,"column":50}},"880":{"start":{"line":1644,"column":8},"end":{"line":1650,"column":10}},"881":{"start":{"line":1645,"column":26},"end":{"line":1645,"column":28}},"882":{"start":{"line":1647,"column":12},"end":{"line":1649,"column":61}},"883":{"start":{"line":1648,"column":16},"end":{"line":1648,"column":50}},"884":{"start":{"line":1652,"column":8},"end":{"line":1658,"column":10}},"885":{"start":{"line":1653,"column":26},"end":{"line":1653,"column":28}},"886":{"start":{"line":1655,"column":12},"end":{"line":1657,"column":61}},"887":{"start":{"line":1656,"column":16},"end":{"line":1656,"column":50}},"888":{"start":{"line":1660,"column":8},"end":{"line":1666,"column":10}},"889":{"start":{"line":1661,"column":26},"end":{"line":1661,"column":28}},"890":{"start":{"line":1663,"column":12},"end":{"line":1665,"column":56}},"891":{"start":{"line":1664,"column":16},"end":{"line":1664,"column":50}},"892":{"start":{"line":1668,"column":8},"end":{"line":1675,"column":14}},"893":{"start":{"line":1669,"column":12},"end":{"line":1674,"column":18}},"894":{"start":{"line":1671,"column":20},"end":{"line":1671,"column":50}},"895":{"start":{"line":1672,"column":20},"end":{"line":1672,"column":67}},"896":{"start":{"line":1673,"column":20},"end":{"line":1673,"column":60}},"897":{"start":{"line":1678,"column":4},"end":{"line":1831,"column":6}},"898":{"start":{"line":1679,"column":19},"end":{"line":1679,"column":27}},"899":{"start":{"line":1680,"column":22},"end":{"line":1680,"column":29}},"900":{"start":{"line":1681,"column":20},"end":{"line":1681,"column":59}},"901":{"start":{"line":1682,"column":23},"end":{"line":1682,"column":45}},"902":{"start":{"line":1684,"column":20},"end":{"line":1684,"column":26}},"903":{"start":{"line":1685,"column":23},"end":{"line":1685,"column":30}},"904":{"start":{"line":1686,"column":21},"end":{"line":1686,"column":58}},"905":{"start":{"line":1687,"column":24},"end":{"line":1687,"column":46}},"906":{"start":{"line":1689,"column":25},"end":{"line":1689,"column":37}},"907":{"start":{"line":1690,"column":23},"end":{"line":1690,"column":40}},"908":{"start":{"line":1691,"column":19},"end":{"line":1691,"column":40}},"909":{"start":{"line":1697,"column":8},"end":{"line":1718,"column":10}},"910":{"start":{"line":1699,"column":26},"end":{"line":1699,"column":57}},"911":{"start":{"line":1701,"column":25},"end":{"line":1701,"column":85}},"912":{"start":{"line":1703,"column":12},"end":{"line":1703,"column":27}},"913":{"start":{"line":1705,"column":26},"end":{"line":1705,"column":58}},"914":{"start":{"line":1707,"column":23},"end":{"line":1707,"column":108}},"915":{"start":{"line":1709,"column":12},"end":{"line":1709,"column":31}},"916":{"start":{"line":1711,"column":28},"end":{"line":1711,"column":100}},"917":{"start":{"line":1713,"column":12},"end":{"line":1713,"column":23}},"918":{"start":{"line":1715,"column":32},"end":{"line":1715,"column":90}},"919":{"start":{"line":1717,"column":30},"end":{"line":1717,"column":90}},"920":{"start":{"line":1720,"column":8},"end":{"line":1726,"column":10}},"921":{"start":{"line":1721,"column":27},"end":{"line":1721,"column":36}},"922":{"start":{"line":1723,"column":12},"end":{"line":1725,"column":62}},"923":{"start":{"line":1724,"column":16},"end":{"line":1724,"column":50}},"924":{"start":{"line":1728,"column":8},"end":{"line":1734,"column":10}},"925":{"start":{"line":1729,"column":27},"end":{"line":1729,"column":30}},"926":{"start":{"line":1731,"column":12},"end":{"line":1733,"column":62}},"927":{"start":{"line":1732,"column":16},"end":{"line":1732,"column":50}},"928":{"start":{"line":1736,"column":8},"end":{"line":1742,"column":10}},"929":{"start":{"line":1737,"column":27},"end":{"line":1737,"column":31}},"930":{"start":{"line":1739,"column":12},"end":{"line":1741,"column":62}},"931":{"start":{"line":1740,"column":16},"end":{"line":1740,"column":50}},"932":{"start":{"line":1744,"column":8},"end":{"line":1750,"column":10}},"933":{"start":{"line":1745,"column":27},"end":{"line":1745,"column":29}},"934":{"start":{"line":1747,"column":12},"end":{"line":1749,"column":62}},"935":{"start":{"line":1748,"column":16},"end":{"line":1748,"column":50}},"936":{"start":{"line":1752,"column":8},"end":{"line":1758,"column":10}},"937":{"start":{"line":1753,"column":27},"end":{"line":1753,"column":29}},"938":{"start":{"line":1755,"column":12},"end":{"line":1757,"column":62}},"939":{"start":{"line":1756,"column":16},"end":{"line":1756,"column":50}},"940":{"start":{"line":1760,"column":8},"end":{"line":1766,"column":10}},"941":{"start":{"line":1761,"column":27},"end":{"line":1761,"column":29}},"942":{"start":{"line":1763,"column":12},"end":{"line":1765,"column":57}},"943":{"start":{"line":1764,"column":16},"end":{"line":1764,"column":50}},"944":{"start":{"line":1768,"column":8},"end":{"line":1774,"column":10}},"945":{"start":{"line":1769,"column":26},"end":{"line":1769,"column":35}},"946":{"start":{"line":1771,"column":12},"end":{"line":1773,"column":61}},"947":{"start":{"line":1772,"column":16},"end":{"line":1772,"column":54}},"948":{"start":{"line":1776,"column":8},"end":{"line":1782,"column":10}},"949":{"start":{"line":1777,"column":26},"end":{"line":1777,"column":29}},"950":{"start":{"line":1779,"column":12},"end":{"line":1781,"column":61}},"951":{"start":{"line":1780,"column":16},"end":{"line":1780,"column":54}},"952":{"start":{"line":1784,"column":8},"end":{"line":1790,"column":10}},"953":{"start":{"line":1785,"column":26},"end":{"line":1785,"column":30}},"954":{"start":{"line":1787,"column":12},"end":{"line":1789,"column":61}},"955":{"start":{"line":1788,"column":16},"end":{"line":1788,"column":54}},"956":{"start":{"line":1792,"column":8},"end":{"line":1798,"column":10}},"957":{"start":{"line":1793,"column":26},"end":{"line":1793,"column":28}},"958":{"start":{"line":1795,"column":12},"end":{"line":1797,"column":61}},"959":{"start":{"line":1796,"column":16},"end":{"line":1796,"column":54}},"960":{"start":{"line":1800,"column":8},"end":{"line":1806,"column":10}},"961":{"start":{"line":1801,"column":26},"end":{"line":1801,"column":28}},"962":{"start":{"line":1803,"column":12},"end":{"line":1805,"column":61}},"963":{"start":{"line":1804,"column":16},"end":{"line":1804,"column":54}},"964":{"start":{"line":1808,"column":8},"end":{"line":1814,"column":10}},"965":{"start":{"line":1809,"column":26},"end":{"line":1809,"column":28}},"966":{"start":{"line":1811,"column":12},"end":{"line":1813,"column":56}},"967":{"start":{"line":1812,"column":16},"end":{"line":1812,"column":54}},"968":{"start":{"line":1816,"column":8},"end":{"line":1823,"column":14}},"969":{"start":{"line":1817,"column":12},"end":{"line":1822,"column":18}},"970":{"start":{"line":1819,"column":20},"end":{"line":1819,"column":48}},"971":{"start":{"line":1820,"column":20},"end":{"line":1820,"column":64}},"972":{"start":{"line":1821,"column":20},"end":{"line":1821,"column":49}},"973":{"start":{"line":1825,"column":8},"end":{"line":1830,"column":14}},"974":{"start":{"line":1826,"column":24},"end":{"line":1826,"column":35}},"975":{"start":{"line":1828,"column":12},"end":{"line":1829,"column":149}},"976":{"start":{"line":1829,"column":40},"end":{"line":1829,"column":148}},"977":{"start":{"line":1833,"column":4},"end":{"line":1932,"column":6}},"978":{"start":{"line":1834,"column":19},"end":{"line":1834,"column":27}},"979":{"start":{"line":1835,"column":22},"end":{"line":1835,"column":29}},"980":{"start":{"line":1836,"column":20},"end":{"line":1836,"column":59}},"981":{"start":{"line":1837,"column":23},"end":{"line":1837,"column":45}},"982":{"start":{"line":1839,"column":20},"end":{"line":1839,"column":26}},"983":{"start":{"line":1840,"column":23},"end":{"line":1840,"column":30}},"984":{"start":{"line":1841,"column":21},"end":{"line":1841,"column":58}},"985":{"start":{"line":1842,"column":24},"end":{"line":1842,"column":46}},"986":{"start":{"line":1844,"column":25},"end":{"line":1844,"column":37}},"987":{"start":{"line":1845,"column":23},"end":{"line":1845,"column":40}},"988":{"start":{"line":1846,"column":19},"end":{"line":1846,"column":40}},"989":{"start":{"line":1851,"column":8},"end":{"line":1870,"column":10}},"990":{"start":{"line":1853,"column":26},"end":{"line":1853,"column":57}},"991":{"start":{"line":1855,"column":25},"end":{"line":1855,"column":85}},"992":{"start":{"line":1857,"column":12},"end":{"line":1857,"column":27}},"993":{"start":{"line":1859,"column":26},"end":{"line":1859,"column":58}},"994":{"start":{"line":1861,"column":23},"end":{"line":1861,"column":108}},"995":{"start":{"line":1863,"column":12},"end":{"line":1863,"column":31}},"996":{"start":{"line":1865,"column":28},"end":{"line":1865,"column":100}},"997":{"start":{"line":1867,"column":32},"end":{"line":1867,"column":90}},"998":{"start":{"line":1869,"column":30},"end":{"line":1869,"column":90}},"999":{"start":{"line":1872,"column":8},"end":{"line":1878,"column":10}},"1000":{"start":{"line":1873,"column":27},"end":{"line":1873,"column":36}},"1001":{"start":{"line":1875,"column":12},"end":{"line":1877,"column":62}},"1002":{"start":{"line":1876,"column":16},"end":{"line":1876,"column":54}},"1003":{"start":{"line":1880,"column":8},"end":{"line":1886,"column":10}},"1004":{"start":{"line":1881,"column":27},"end":{"line":1881,"column":30}},"1005":{"start":{"line":1883,"column":12},"end":{"line":1885,"column":62}},"1006":{"start":{"line":1884,"column":16},"end":{"line":1884,"column":54}},"1007":{"start":{"line":1888,"column":8},"end":{"line":1894,"column":10}},"1008":{"start":{"line":1889,"column":27},"end":{"line":1889,"column":31}},"1009":{"start":{"line":1891,"column":12},"end":{"line":1893,"column":62}},"1010":{"start":{"line":1892,"column":16},"end":{"line":1892,"column":54}},"1011":{"start":{"line":1896,"column":8},"end":{"line":1902,"column":10}},"1012":{"start":{"line":1897,"column":27},"end":{"line":1897,"column":29}},"1013":{"start":{"line":1899,"column":12},"end":{"line":1901,"column":62}},"1014":{"start":{"line":1900,"column":16},"end":{"line":1900,"column":54}},"1015":{"start":{"line":1904,"column":8},"end":{"line":1910,"column":10}},"1016":{"start":{"line":1905,"column":27},"end":{"line":1905,"column":29}},"1017":{"start":{"line":1907,"column":12},"end":{"line":1909,"column":62}},"1018":{"start":{"line":1908,"column":16},"end":{"line":1908,"column":54}},"1019":{"start":{"line":1912,"column":8},"end":{"line":1918,"column":10}},"1020":{"start":{"line":1913,"column":27},"end":{"line":1913,"column":29}},"1021":{"start":{"line":1915,"column":12},"end":{"line":1917,"column":57}},"1022":{"start":{"line":1916,"column":16},"end":{"line":1916,"column":54}},"1023":{"start":{"line":1920,"column":8},"end":{"line":1931,"column":14}},"1024":{"start":{"line":1921,"column":12},"end":{"line":1930,"column":18}},"1025":{"start":{"line":1923,"column":20},"end":{"line":1923,"column":28}},"1026":{"start":{"line":1924,"column":20},"end":{"line":1924,"column":46}},"1027":{"start":{"line":1925,"column":20},"end":{"line":1925,"column":63}},"1028":{"start":{"line":1926,"column":20},"end":{"line":1926,"column":55}},"1029":{"start":{"line":1927,"column":20},"end":{"line":1927,"column":59}},"1030":{"start":{"line":1928,"column":20},"end":{"line":1928,"column":79}},"1031":{"start":{"line":1929,"column":20},"end":{"line":1929,"column":75}},"1032":{"start":{"line":1934,"column":4},"end":{"line":2033,"column":6}},"1033":{"start":{"line":1935,"column":19},"end":{"line":1935,"column":27}},"1034":{"start":{"line":1936,"column":22},"end":{"line":1936,"column":29}},"1035":{"start":{"line":1937,"column":20},"end":{"line":1937,"column":59}},"1036":{"start":{"line":1938,"column":23},"end":{"line":1938,"column":45}},"1037":{"start":{"line":1940,"column":20},"end":{"line":1940,"column":26}},"1038":{"start":{"line":1941,"column":23},"end":{"line":1941,"column":30}},"1039":{"start":{"line":1942,"column":21},"end":{"line":1942,"column":58}},"1040":{"start":{"line":1943,"column":24},"end":{"line":1943,"column":46}},"1041":{"start":{"line":1945,"column":25},"end":{"line":1945,"column":37}},"1042":{"start":{"line":1946,"column":23},"end":{"line":1946,"column":40}},"1043":{"start":{"line":1947,"column":19},"end":{"line":1947,"column":40}},"1044":{"start":{"line":1952,"column":8},"end":{"line":1971,"column":10}},"1045":{"start":{"line":1954,"column":26},"end":{"line":1954,"column":57}},"1046":{"start":{"line":1956,"column":25},"end":{"line":1956,"column":85}},"1047":{"start":{"line":1958,"column":12},"end":{"line":1958,"column":27}},"1048":{"start":{"line":1960,"column":26},"end":{"line":1960,"column":58}},"1049":{"start":{"line":1962,"column":23},"end":{"line":1962,"column":108}},"1050":{"start":{"line":1964,"column":12},"end":{"line":1964,"column":31}},"1051":{"start":{"line":1966,"column":28},"end":{"line":1966,"column":100}},"1052":{"start":{"line":1968,"column":32},"end":{"line":1968,"column":90}},"1053":{"start":{"line":1970,"column":30},"end":{"line":1970,"column":90}},"1054":{"start":{"line":1973,"column":8},"end":{"line":1979,"column":10}},"1055":{"start":{"line":1974,"column":27},"end":{"line":1974,"column":36}},"1056":{"start":{"line":1976,"column":12},"end":{"line":1978,"column":62}},"1057":{"start":{"line":1977,"column":16},"end":{"line":1977,"column":50}},"1058":{"start":{"line":1981,"column":8},"end":{"line":1987,"column":10}},"1059":{"start":{"line":1982,"column":27},"end":{"line":1982,"column":30}},"1060":{"start":{"line":1984,"column":12},"end":{"line":1986,"column":62}},"1061":{"start":{"line":1985,"column":16},"end":{"line":1985,"column":50}},"1062":{"start":{"line":1989,"column":8},"end":{"line":1995,"column":10}},"1063":{"start":{"line":1990,"column":27},"end":{"line":1990,"column":31}},"1064":{"start":{"line":1992,"column":12},"end":{"line":1994,"column":62}},"1065":{"start":{"line":1993,"column":16},"end":{"line":1993,"column":50}},"1066":{"start":{"line":1997,"column":8},"end":{"line":2003,"column":10}},"1067":{"start":{"line":1998,"column":27},"end":{"line":1998,"column":29}},"1068":{"start":{"line":2000,"column":12},"end":{"line":2002,"column":62}},"1069":{"start":{"line":2001,"column":16},"end":{"line":2001,"column":50}},"1070":{"start":{"line":2005,"column":8},"end":{"line":2011,"column":10}},"1071":{"start":{"line":2006,"column":27},"end":{"line":2006,"column":29}},"1072":{"start":{"line":2008,"column":12},"end":{"line":2010,"column":62}},"1073":{"start":{"line":2009,"column":16},"end":{"line":2009,"column":50}},"1074":{"start":{"line":2013,"column":8},"end":{"line":2019,"column":10}},"1075":{"start":{"line":2014,"column":27},"end":{"line":2014,"column":29}},"1076":{"start":{"line":2016,"column":12},"end":{"line":2018,"column":57}},"1077":{"start":{"line":2017,"column":16},"end":{"line":2017,"column":50}},"1078":{"start":{"line":2021,"column":8},"end":{"line":2032,"column":14}},"1079":{"start":{"line":2022,"column":12},"end":{"line":2031,"column":18}},"1080":{"start":{"line":2024,"column":20},"end":{"line":2024,"column":28}},"1081":{"start":{"line":2025,"column":20},"end":{"line":2025,"column":46}},"1082":{"start":{"line":2026,"column":20},"end":{"line":2026,"column":63}},"1083":{"start":{"line":2027,"column":20},"end":{"line":2027,"column":57}},"1084":{"start":{"line":2028,"column":20},"end":{"line":2028,"column":59}},"1085":{"start":{"line":2029,"column":20},"end":{"line":2029,"column":75}},"1086":{"start":{"line":2030,"column":20},"end":{"line":2030,"column":71}},"1087":{"start":{"line":2035,"column":4},"end":{"line":2126,"column":6}},"1088":{"start":{"line":2036,"column":19},"end":{"line":2036,"column":27}},"1089":{"start":{"line":2037,"column":22},"end":{"line":2037,"column":29}},"1090":{"start":{"line":2038,"column":20},"end":{"line":2038,"column":59}},"1091":{"start":{"line":2039,"column":23},"end":{"line":2039,"column":45}},"1092":{"start":{"line":2041,"column":20},"end":{"line":2041,"column":26}},"1093":{"start":{"line":2042,"column":23},"end":{"line":2042,"column":30}},"1094":{"start":{"line":2043,"column":21},"end":{"line":2043,"column":58}},"1095":{"start":{"line":2044,"column":24},"end":{"line":2044,"column":46}},"1096":{"start":{"line":2046,"column":25},"end":{"line":2046,"column":37}},"1097":{"start":{"line":2047,"column":23},"en
[...]
,"column":12}},"10":{"start":{"line":27,"column":25},"end":{"line":27,"column":54}},"11":{"start":{"line":29,"column":12},"end":{"line":29,"column":89}},"12":{"start":{"line":29,"column":22},"end":{"line":29,"column":89}},"13":{"start":{"line":31,"column":25},"end":{"line":31,"column":56}},"14":{"start":{"line":33,"column":27},"end":{"line":33,"column":86}},"15":{"start":{"line":36,"column":32},"end":{"line":42,"column":14}},"16":{"start":{"line":44,"column":32},"end":{"line":55,"column":13}},"17":{"start":{"line":57,"column":12},"end":{"line":60,"column":14}},"18":{"start":{"line":58,"column":16},"end":{"line":59,"column":53}},"19":{"start":{"line":58,"column":27},"end":{"line":58,"column":69}},"20":{"start":{"line":59,"column":21},"end":{"line":59,"column":53}},"21":{"start":{"line":63,"column":12},"end":{"line":63,"column":21}},"22":{"start":{"line":74,"column":8},"end":{"line":74,"column":116}},"23":{"start":{"line":76,"column":8},"end":{"line":86,"column":12}},"24":{"start":{"line":77,"column":25},"end":{"line":77,"column":54}},"25":{"start":{"line":79,"column":12},"end":{"line":79,"column":84}},"26":{"start":{"line":79,"column":23},"end":{"line":79,"column":84}},"27":{"start":{"line":81,"column":26},"end":{"line":81,"column":71}},"28":{"start":{"line":83,"column":12},"end":{"line":83,"column":64}},"29":{"start":{"line":83,"column":24},"end":{"line":83,"column":64}},"30":{"start":{"line":85,"column":12},"end":{"line":85,"column":26}},"31":{"start":{"line":95,"column":8},"end":{"line":95,"column":66}},"32":{"start":{"line":97,"column":8},"end":{"line":109,"column":14}},"33":{"start":{"line":99,"column":16},"end":{"line":99,"column":86}},"34":{"start":{"line":99,"column":27},"end":{"line":99,"column":86}},"35":{"start":{"line":104,"column":16},"end":{"line":104,"column":45}},"36":{"start":{"line":106,"column":16},"end":{"line":106,"column":31}},"37":{"start":{"line":108,"column":16},"end":{"line":108,"column":27}},"38":{"start":{"line":118,"column":8},"end":{"line":118,"column":66}},"39":{"start":{"line":120,"column":8},"end":{"line":133,"column":18}},"40":{"start":{"line":122,"column":20},"end":{"line":122,"column":122}},"41":{"start":{"line":122,"column":31},"end":{"line":122,"column":122}},"42":{"start":{"line":124,"column":20},"end":{"line":132,"column":30}},"43":{"start":{"line":126,"column":32},"end":{"line":129,"column":34}},"44":{"start":{"line":127,"column":36},"end":{"line":127,"column":65}},"45":{"start":{"line":128,"column":36},"end":{"line":128,"column":51}},"46":{"start":{"line":131,"column":32},"end":{"line":131,"column":44}},"47":{"start":{"line":145,"column":8},"end":{"line":145,"column":209}},"48":{"start":{"line":147,"column":8},"end":{"line":154,"column":14}},"49":{"start":{"line":149,"column":16},"end":{"line":149,"column":86}},"50":{"start":{"line":149,"column":27},"end":{"line":149,"column":86}},"51":{"start":{"line":150,"column":16},"end":{"line":150,"column":45}},"52":{"start":{"line":152,"column":16},"end":{"line":152,"column":31}},"53":{"start":{"line":153,"column":16},"end":{"line":153,"column":27}},"54":{"start":{"line":165,"column":8},"end":{"line":165,"column":154}},"55":{"start":{"line":167,"column":8},"end":{"line":175,"column":12}},"56":{"start":{"line":168,"column":28},"end":{"line":168,"column":140}},"57":{"start":{"line":169,"column":12},"end":{"line":169,"column":82}},"58":{"start":{"line":169,"column":26},"end":{"line":169,"column":82}},"59":{"start":{"line":171,"column":12},"end":{"line":171,"column":47}},"60":{"start":{"line":172,"column":12},"end":{"line":172,"column":30}},"61":{"start":{"line":174,"column":12},"end":{"line":174,"column":26}},"62":{"start":{"line":185,"column":8},"end":{"line":185,"column":108}},"63":{"start":{"line":187,"column":8},"end":{"line":195,"column":12}},"64":{"start":{"line":188,"column":25},"end":{"line":188,"column":145}},"65":{"start":{"line":189,"column":12},"end":{"line":189,"column":78}},"66":{"start":{"line":189,"column":23},"end":{"line":189,"column":78}},"67":{"start":{"line":191,"column":12},"end":{"line":191,"column":41}},"68":{"start":{"line":192,"column":12},"end":{"line":192,"column":27}},"69":{"start":{"line":194,"column":12},"end":{"line":194,"column":23}},"70":{"start":{"line":204,"column":8},"end":{"line":204,"column":66}},"71":{"start":{"line":206,"column":8},"end":{"line":211,"column":14}},"72":{"start":{"line":208,"column":16},"end":{"line":208,"column":86}},"73":{"start":{"line":208,"column":27},"end":{"line":208,"column":86}},"74":{"start":{"line":210,"column":16},"end":{"line":210,"column":27}},"75":{"start":{"line":224,"column":8},"end":{"line":224,"column":277}},"76":{"start":{"line":226,"column":8},"end":{"line":239,"column":14}},"77":{"start":{"line":228,"column":16},"end":{"line":232,"column":22}},"78":{"start":{"line":230,"column":24},"end":{"line":230,"column":54}},"79":{"start":{"line":231,"column":24},"end":{"line":231,"column":42}},"80":{"start":{"line":233,"column":16},"end":{"line":237,"column":22}},"81":{"start":{"line":235,"column":24},"end":{"line":235,"column":58}},"82":{"start":{"line":236,"column":24},"end":{"line":236,"column":42}},"83":{"start":{"line":238,"column":16},"end":{"line":238,"column":30}},"84":{"start":{"line":249,"column":8},"end":{"line":249,"column":116}},"85":{"start":{"line":251,"column":8},"end":{"line":257,"column":18}},"86":{"start":{"line":253,"column":30},"end":{"line":253,"column":82}},"87":{"start":{"line":253,"column":59},"end":{"line":253,"column":81}},"88":{"start":{"line":254,"column":20},"end":{"line":254,"column":42}},"89":{"start":{"line":255,"column":20},"end":{"line":255,"column":31}},"90":{"start":{"line":256,"column":20},"end":{"line":256,"column":41}},"91":{"start":{"line":267,"column":8},"end":{"line":267,"column":112}},"92":{"start":{"line":269,"column":8},"end":{"line":289,"column":33}},"93":{"start":{"line":272,"column":30},"end":{"line":272,"column":78}},"94":{"start":{"line":272,"column":55},"end":{"line":272,"column":77}},"95":{"start":{"line":273,"column":20},"end":{"line":273,"column":38}},"96":{"start":{"line":274,"column":20},"end":{"line":274,"column":31}},"97":{"start":{"line":275,"column":20},"end":{"line":275,"column":31}},"98":{"start":{"line":279,"column":20},"end":{"line":284,"column":22}},"99":{"start":{"line":281,"column":34},"end":{"line":281,"column":86}},"100":{"start":{"line":281,"column":63},"end":{"line":281,"column":85}},"101":{"start":{"line":282,"column":24},"end":{"line":282,"column":46}},"102":{"start":{"line":283,"column":24},"end":{"line":283,"column":35}},"103":{"start":{"line":285,"column":20},"end":{"line":285,"column":34}},"104":{"start":{"line":288,"column":33},"end":{"line":288,"column":40}},"105":{"start":{"line":289,"column":26},"end":{"line":289,"column":32}},"106":{"start":{"line":298,"column":8},"end":{"line":298,"column":66}},"107":{"start":{"line":300,"column":8},"end":{"line":301,"column":35}},"108":{"start":{"line":301,"column":30},"end":{"line":301,"column":34}},"109":{"start":{"line":310,"column":8},"end":{"line":310,"column":66}},"110":{"start":{"line":312,"column":8},"end":{"line":313,"column":35}},"111":{"start":{"line":313,"column":30},"end":{"line":313,"column":34}},"112":{"start":{"line":322,"column":8},"end":{"line":322,"column":66}},"113":{"start":{"line":324,"column":8},"end":{"line":325,"column":39}},"114":{"start":{"line":325,"column":30},"end":{"line":325,"column":38}},"115":{"start":{"line":329,"column":0},"end":{"line":329,"column":22}}},"fnMap":{"0":{"name":"(anonymous_0)","decl":{"start":{"line":21,"column":4},"end":{"line":21,"column":5}},"loc":{"start":{"line":21,"column":71},"end":{"line":65,"column":5}},"line":21},"1":{"name":"(anonymous_1)","decl":{"start":{"line":26,"column":16},"end":{"line":26,"column":17}},"loc":{"start":{"line":26,"column":28},"end":{"line":64,"column":9}},"line":26},"2":{"name":"(anonymous_2)","decl":{"start":{"line":57,"column":46},"end":{"line":57,"column":47}},"loc":{"start":{"line":57,"column":69},"end":{"line":60,"column":13}},"line":57},"3":{"name":"(anonymous_3)","decl":{"start":{"line":73,"column":4},"end":{"line":73,"column":5}},"loc":{"start":{"line":73,"column":38},"end":{"line":87,"column":5}},"line":73},"4":{"name":"(anonymous_4)","decl":{"start":{"line":76,"column":16},"end":{"line":76,"column":17}},"loc":{"start":{"line":76,"column":28},"end":{"line":86,"column":9}},"line":76},"5":{"name":"(anonymous_5)","decl":{"start":{"line":94,"column":4},"end":{"line":94,"column":5}},"loc":{"start":{"line":94,"column":25},"end":{"line":110,"column":5}},"line":94},"6":{"name":"(anonymous_6)","decl":{"start":{"line":98,"column":18},"end":{"line":98,"column":19}},"loc":{"start":{"line":98,"column":26},"end":{"line":109,"column":13}},"line":98},"7":{"name":"(anonymous_7)","decl":{"start":{"line":117,"column":4},"end":{"line":117,"column":5}},"loc":{"start":{"line":117,"column":26},"end":{"line":134,"column":5}},"line":117},"8":{"name":"(anonymous_8)","decl":{"start":{"line":121,"column":22},"end":{"line":121,"column":23}},"loc":{"start":{"line":121,"column":30},"end":{"line":133,"column":17}},"line":121},"9":{"name":"(anonymous_9)","decl":{"start":{"line":125,"column":34},"end":{"line":125,"column":35}},"loc":{"start":{"line":125,"column":43},"end":{"line":132,"column":29}},"line":125},"10":{"name":"(anonymous_10)","decl":{"start":{"line":126,"column":42},"end":{"line":126,"column":43}},"loc":{"start":{"line":126,"column":50},"end":{"line":129,"column":33}},"line":126},"11":{"name":"(anonymous_11)","decl":{"start":{"line":144,"column":4},"end":{"line":144,"column":5}},"loc":{"start":{"line":144,"column":48},"end":{"line":155,"column":5}},"line":144},"12":{"name":"(anonymous_12)","decl":{"start":{"line":148,"column":18},"end":{"line":148,"column":19}},"loc":{"start":{"line":148,"column":28},"end":{"line":154,"column":13}},"line":148},"13":{"name":"(anonymous_13)","decl":{"start":{"line":164,"column":4},"end":{"line":164,"column":5}},"loc":{"start":{"line":164,"column":43},"end":{"line":176,"column":5}},"line":164},"14":{"name":"(anonymous_14)","decl":{"start":{"line":167,"column":16},"end":{"line":167,"column":17}},"loc":{"start":{"line":167,"column":28},"end":{"line":175,"column":9}},"line":167},"15":{"name":"(anonymous_15)","decl":{"start":{"line":184,"column":4},"end":{"line":184,"column":5}},"loc":{"start":{"line":184,"column":33},"end":{"line":196,"column":5}},"line":184},"16":{"name":"(anonymous_16)","decl":{"start":{"line":187,"column":16},"end":{"line":187,"column":17}},"loc":{"start":{"line":187,"column":28},"end":{"line":195,"column":9}},"line":187},"17":{"name":"(anonymous_17)","decl":{"start":{"line":203,"column":4},"end":{"line":203,"column":5}},"loc":{"start":{"line":203,"column":23},"end":{"line":212,"column":5}},"line":203},"18":{"name":"(anonymous_18)","decl":{"start":{"line":207,"column":18},"end":{"line":207,"column":19}},"loc":{"start":{"line":207,"column":28},"end":{"line":211,"column":13}},"line":207},"19":{"name":"(anonymous_19)","decl":{"start":{"line":223,"column":4},"end":{"line":223,"column":5}},"loc":{"start":{"line":223,"column":68},"end":{"line":240,"column":5}},"line":223},"20":{"name":"(anonymous_20)","decl":{"start":{"line":227,"column":18},"end":{"line":227,"column":19}},"loc":{"start":{"line":227,"column":29},"end":{"line":239,"column":13}},"line":227},"21":{"name":"(anonymous_21)","decl":{"start":{"line":229,"column":26},"end":{"line":229,"column":27}},"loc":{"start":{"line":229,"column":34},"end":{"line":232,"column":21}},"line":229},"22":{"name":"(anonymous_22)","decl":{"start":{"line":234,"column":26},"end":{"line":234,"column":27}},"loc":{"start":{"line":234,"column":34},"end":{"line":237,"column":21}},"line":234},"23":{"name":"(anonymous_23)","decl":{"start":{"line":248,"column":4},"end":{"line":248,"column":5}},"loc":{"start":{"line":248,"column":33},"end":{"line":258,"column":5}},"line":248},"24":{"name":"(anonymous_24)","decl":{"start":{"line":252,"column":22},"end":{"line":252,"column":23}},"loc":{"start":{"line":252,"column":30},"end":{"line":257,"column":17}},"line":252},"25":{"name":"(anonymous_25)","decl":{"start":{"line":253,"column":54},"end":{"line":253,"column":55}},"loc":{"start":{"line":253,"column":59},"end":{"line":253,"column":81}},"line":253},"26":{"name":"(anonymous_26)","decl":{"start":{"line":266,"column":4},"end":{"line":266,"column":5}},"loc":{"start":{"line":266,"column":32},"end":{"line":290,"column":5}},"line":266},"27":{"name":"(anonymous_27)","decl":{"start":{"line":271,"column":22},"end":{"line":271,"column":23}},"loc":{"start":{"line":271,"column":30},"end":{"line":276,"column":17}},"line":271},"28":{"name":"(anonymous_28)","decl":{"start":{"line":272,"column":50},"end":{"line":272,"column":51}},"loc":{"start":{"line":272,"column":55},"end":{"line":272,"column":77}},"line":272},"29":{"name":"(anonymous_29)","decl":{"start":{"line":278,"column":22},"end":{"line":278,"column":23}},"loc":{"start":{"line":278,"column":33},"end":{"line":286,"column":17}},"line":278},"30":{"name":"(anonymous_30)","decl":{"start":{"line":280,"column":26},"end":{"line":280,"column":27}},"loc":{"start":{"line":280,"column":34},"end":{"line":284,"column":21}},"line":280},"31":{"name":"(anonymous_31)","decl":{"start":{"line":281,"column":58},"end":{"line":281,"column":59}},"loc":{"start":{"line":281,"column":63},"end":{"line":281,"column":85}},"line":281},"32":{"name":"(anonymous_32)","decl":{"start":{"line":288,"column":22},"end":{"line":288,"column":23}},"loc":{"start":{"line":288,"column":33},"end":{"line":288,"column":40}},"line":288},"33":{"name":"(anonymous_33)","decl":{"start":{"line":289,"column":16},"end":{"line":289,"column":17}},"loc":{"start":{"line":289,"column":26},"end":{"line":289,"column":32}},"line":289},"34":{"name":"(anonymous_34)","decl":{"start":{"line":297,"column":4},"end":{"line":297,"column":5}},"loc":{"start":{"line":297,"column":37},"end":{"line":302,"column":5}},"line":297},"35":{"name":"(anonymous_35)","decl":{"start":{"line":301,"column":22},"end":{"line":301,"column":23}},"loc":{"start":{"line":301,"column":30},"end":{"line":301,"column":34}},"line":301},"36":{"name":"(anonymous_36)","decl":{"start":{"line":309,"column":4},"end":{"line":309,"column":5}},"loc":{"start":{"line":309,"column":33},"end":{"line":314,"column":5}},"line":309},"37":{"name":"(anonymous_37)","decl":{"start":{"line":313,"column":22},"end":{"line":313,"column":23}},"loc":{"start":{"line":313,"column":30},"end":{"line":313,"column":34}},"line":313},"38":{"name":"(anonymous_38)","decl":{"start":{"line":321,"column":4},"end":{"line":321,"column":5}},"loc":{"start":{"line":321,"column":32},"end":{"line":326,"column":5}},"line":321},"39":{"name":"(anonymous_39)","decl":{"start":{"line":325,"column":18},"end":{"line":325,"column":19}},"loc":{"start":{"line":325,"column":30},"end":{"line":325,"column":38}},"line":325}},"branchMap":{"0":{"loc":{"start":{"line":24,"column":8},"end":{"line":24,"column":96}},"type":"if","locations":[{"start":{"line":24,"column":8},"end":{"line":24,"column":96}},{"start":{"line":24,"column":8},"end":{"line":24,"column":96}}],"line":24},"1":{"loc":{"start":{"line":29,"column":12},"end":{"line":29,"column":89}},"type":"if","locations":[{"start":{"line":29,"column":12},"end":{"line":29,"column":89}},{"start":{"line":29,"column":12},"end":{"line":29,"column":89}}],"line":29},"2":{"loc":{"start":{"line":58,"column":16},"end":{"line":59,"column":53}},"type":"if","locations":[{"start":{"line":58,"column":16},"end":{"line":59,"column":53}},{"start":{"line":58,"column":16},"end":{"line":59,"column":53}}],"line":58},"3":{"loc":{"start":{"line":79,"column":12},"end":{"line":79,"column":84}},"type":"if","locations":[{"start":{"line":79,"column":12},"end":{"line":79,"column":84}},{"start":{"line":79,"column":12},"end":{"line":79,"column":84}}],"line":79},"4":{"loc":{"start":{"line":83,"column":12},"end":{"line":83,"column":64}},"type":"if","locations":[{"start":{"line":83,"column":12},"end":{"line":83,"column":64}},{"start":{"line":83,"column":12},"end":{"line":83,"column":64}}],"line":83},"5":{"loc":{"start":{"line":99,"column":16},"end":{"line":99,"column":86}},"type":"if","locations":[{"start":{"line":99,"column":16},"end":{"line":99,"column":86}},{"start":{"line":99,"column":16},"end":{"line":99,"column":86}}],"line":99},"6":{"loc":{"start":{"line":122,"column":20},"end":{"line":122,"column":122}},"type":"if","locations":[{"start":{"line":122,"column":20},"end":{"line":122,"column":122}},{"start":{"line":122,"column":20},"end":{"line":122,"column":122}}],"line":122},"7":{"loc":{"start":{"line":149,"column":16},"end":{"line":149,"column":86}},"type":"if","locations":[{"start":{"line":149,"column":16},"end":{"line":149,"column":86}},{"start":{"line":149,"column":16},"end":{"line":149,"column":86}}],"line":149},"8":{"loc":{"start":{"line":169,"column":12},"end":{"line":169,"column":82}},"type":"if","locations":[{"start":{"line":169,"column":12},"end":{"line":169,"column":82}},{"start":{"line":169,"column":12},"end":{"line":169,"column":82}}],"line":169},"9":{"loc":{"start":{"line":189,"column":12},"end":{"line":189,"column":78}},"type":"if","locations":[{"start":{"line":189,"column":12},"end":{"line":189,"column":78}},{"start":{"line":189,"column":12},"end":{"line":189,"column":78}}],"line":189},"10":{"loc":{"start":{"line":208,"column":16},"end":{"line":208,"column":86}},"type":"if","locations":[{"start":{"line":208,"column":16},"end":{"line":208,"column":86}},{"start":{"line":208,"column":16},"end":{"line":208,"column":86}}],"line":208}},"s":{"0":1,"1":1,"2":1,"3":1,"4":1,"5":1,"6":22,"7":4,"8":1,"9":3,"10":3,"11":3,"12":1,"13":2,"14":2,"15":2,"16":2,"17":2,"18":2,"19":0,"20":2,"21":2,"22":15,"23":3,"24":3,"25":3,"26":1,"27":2,"28":2,"29":1,"30":1,"31":8,"32":2,"33":2,"34":1,"35":1,"36":1,"37":1,"38":8,"39":2,"40":2,"41":1,"42":1,"43":1,"44":1,"45":1,"46":1,"47":26,"48":2,"49":2,"50":1,"51":1,"52":1,"53":1,"54":20,"55":2,"56":2,"57":1,"58":0,"59":1,"60":1,"61":1,"62":14,"63":2,"64":2,"65":1,"66":0,"67":1,"68":1,"69":1,"70":8,"71":2,"72":2,"73":1,"74":1,"75":30,"76":1,"77":1,"78":1,"79":1,"80":1,"81":1,"82":1,"83":1,"84":13,"85":1,"86":1,"87":1,"88":1,"89":1,"90":1,"91":14,"92":2,"93":2,"94":2,"95":2,"96":2,"97":2,"98":1,"99":1,"100":1,"101":1,"102":1,"103":1,"104":1,"105":1,"106":7,"107":1,"108":1,"109":7,"110":1,"111":1,"112":7,"113":1,"114":1,"115":1},"f":{"0":22,"1":3,"2":2,"3":15,"4":3,"5":8,"6":2,"7":8,"8":2,"9":1,"10":1,"11":26,"12":2,"13":20,"14":2,"15":14,"16":2,"17":8,"18":2,"19":30,"20":1,"21":1,"22":1,"23":13,"24":1,"25":1,"26":14,"27":2,"28":2,"29":1,"30":1,"31":1,"32":1,"33":1,"34":7,"35":1,"36":7,"37":1,"38":7,"39":1},"b":{"0":[1,3],"1":[1,2],"2":[0,2],"3":[1,2],"4":[1,1],"5":[1,1],"6":[1,1],"7":[1,1],"8":[0,1],"9":[0,1],"10":[1,1]},"_coverageSchema":"43e27e138ebf9cfc5966b082cf9a028302ed4184","hash":"2a41eef0f543ca773d14e571031d99ea48c69c09","contentHash":"a901cf9586633c5ab039bf374081450dacb60980de7297c3704aedd04f5e14b6"},"/Users/gcelma/bootcamp/collab/skylab-bootcamp-201901/staff/gerard-celma/flare/flare-api/src/cors/index.spec.js":{"path":"/Users/gcelma/bootcamp/collab/skylab-bootcamp-201901/staff/gerard-celma/flare/flare-api/src/cors/index.spec.js","statementMap":{},"fnMap":{},"branchMap":{},"s":{},"f":{},"b":{},"_coverageSchema":"43e27e138ebf9cfc5966b082cf9a028302ed4184","hash":"27600f880b6123fc49261e010147da7d11895702","contentHash":"a1420e7c3839983397d5b29e89e87730b98ae879afbd96327b8653e63c56e49c"},"/Users/gcelma/bootcamp/collab/skylab-bootcamp-201901/staff/gerard-celma/flare/flare-api/src/token-helper/index.spec.js":{"path":"/Users/gcelma/bootcamp/collab/skylab-bootcamp-201901/staff/gerard-celma/flare/flare-api/src/token-helper/index.spec.js","statementMap":{},"fnMap":{},"branchMap":{},"s":{},"f":{},"b":{},"_coverageSchema":"43e27e138ebf9cfc5966b082cf9a028302ed4184","hash":"3537bae5dfb021335956597eccef2a59fbb2660f","contentHash":"f863810d4f3a23a1b1a4d2a8a585fb335f2704c602eae7b065f10f5bdf8ab801"}}